sql: 2022-03-15 09:48:55 INFO  Executing (default): CREATE TABLE IF NOT EXISTS `Class` (`id` INTEGER NOT NULL auto_increment , `name` VARCHAR(255) NOT NULL, `startDate` DATETIME NOT NULL, `createdAt` DATETIME NOT NULL, `updatedAt` DATETIME NOT NULL, `deletedAt` DATETIME, PRIMARY KEY (`id`)) ENGINE=InnoDB;

sql: 2022-03-15 09:48:55 INFO  Executing (default): SHOW FULL COLUMNS FROM `Class`;

sql: 2022-03-15 09:48:55 INFO  Executing (default): SELECT CONSTRAINT_NAME as constraint_name,CONSTRAINT_NAME as constraintName,CONSTRAINT_SCHEMA as constraintSchema,CONSTRAINT_SCHEMA as constraintCatalog,TABLE_NAME as tableName,TABLE_SCHEMA as tableSchema,TABLE_SCHEMA as tableCatalog,COLUMN_NAME as columnName,REFERENCED_TABLE_SCHEMA as referencedTableSchema,REFERENCED_TABLE_SCHEMA as referencedTableCatalog,REFERENCED_TABLE_NAME as referencedTableName,REFERENCED_COLUMN_NAME as referencedColumnName FROM INFORMATION_SCHEMA.KEY_COLUMN_USAGE where TABLE_NAME = 'Class' AND CONSTRAINT_NAME!='PRIMARY' AND CONSTRAINT_SCHEMA='my_school_db' AND REFERENCED_TABLE_NAME IS NOT NULL;

sql: 2022-03-15 09:48:56 INFO  Executing (default): ALTER TABLE `Class` CHANGE `createdAt` `createdAt` DATETIME NOT NULL;

sql: 2022-03-15 09:48:59 INFO  Executing (default): ALTER TABLE `Class` CHANGE `updatedAt` `updatedAt` DATETIME NOT NULL;

sql: 2022-03-15 09:49:01 INFO  Executing (default): ALTER TABLE `Class` CHANGE `deletedAt` `deletedAt` DATETIME;

sql: 2022-03-15 09:49:03 INFO  Executing (default): ALTER TABLE `Class` CHANGE `name` `name` VARCHAR(255) NOT NULL;

sql: 2022-03-15 09:49:05 INFO  Executing (default): ALTER TABLE `Class` CHANGE `startDate` `startDate` DATETIME NOT NULL;

sql: 2022-03-15 09:49:07 INFO  Executing (default): SHOW INDEX FROM `Class`

sql: 2022-03-15 09:49:07 INFO  Executing (default): CREATE TABLE IF NOT EXISTS `Student` (`id` INTEGER NOT NULL auto_increment , `name` VARCHAR(255) NOT NULL, `birthDay` DATETIME NOT NULL, `sex` TINYINT(1) NOT NULL, `phone` VARCHAR(255) NOT NULL, `createdAt` DATETIME NOT NULL, `updatedAt` DATETIME NOT NULL, `deletedAt` DATETIME, `ClassId` INTEGER, PRIMARY KEY (`id`), FOREIGN KEY (`ClassId`) REFERENCES `Class` (`id`) ON DELETE SET NULL ON UPDATE CASCADE) ENGINE=InnoDB;

sql: 2022-03-15 09:49:07 INFO  Executing (default): SHOW FULL COLUMNS FROM `Student`;

sql: 2022-03-15 09:49:07 INFO  Executing (default): SELECT CONSTRAINT_NAME as constraint_name,CONSTRAINT_NAME as constraintName,CONSTRAINT_SCHEMA as constraintSchema,CONSTRAINT_SCHEMA as constraintCatalog,TABLE_NAME as tableName,TABLE_SCHEMA as tableSchema,TABLE_SCHEMA as tableCatalog,COLUMN_NAME as columnName,REFERENCED_TABLE_SCHEMA as referencedTableSchema,REFERENCED_TABLE_SCHEMA as referencedTableCatalog,REFERENCED_TABLE_NAME as referencedTableName,REFERENCED_COLUMN_NAME as referencedColumnName FROM INFORMATION_SCHEMA.KEY_COLUMN_USAGE where TABLE_NAME = 'Student' AND CONSTRAINT_NAME!='PRIMARY' AND CONSTRAINT_SCHEMA='my_school_db' AND REFERENCED_TABLE_NAME IS NOT NULL;

sql: 2022-03-15 09:49:07 INFO  Executing (default): ALTER TABLE `Student` CHANGE `name` `name` VARCHAR(255) NOT NULL;

sql: 2022-03-15 09:49:08 INFO  Executing (default): ALTER TABLE `Student` CHANGE `birthDay` `birthDay` DATETIME NOT NULL;

sql: 2022-03-15 09:49:08 INFO  Executing (default): ALTER TABLE `Student` CHANGE `sex` `sex` TINYINT(1) NOT NULL;

sql: 2022-03-15 09:49:08 INFO  Executing (default): ALTER TABLE `Student` CHANGE `phone` `phone` VARCHAR(255) NOT NULL;

sql: 2022-03-15 09:49:08 INFO  Executing (default): ALTER TABLE `Student` CHANGE `createdAt` `createdAt` DATETIME NOT NULL;

sql: 2022-03-15 09:49:09 INFO  Executing (default): ALTER TABLE `Student` CHANGE `updatedAt` `updatedAt` DATETIME NOT NULL;

sql: 2022-03-15 09:49:09 INFO  Executing (default): ALTER TABLE `Student` CHANGE `deletedAt` `deletedAt` DATETIME;

sql: 2022-03-15 09:49:09 INFO  Executing (default): ALTER TABLE `Student` ADD FOREIGN KEY (`ClassId`) REFERENCES `Class` (`id`) ON DELETE SET NULL ON UPDATE CASCADE;

sql: 2022-03-15 09:49:11 INFO  Executing (default): SHOW INDEX FROM `Student`

sql: 2022-03-15 09:49:11 INFO  Executing (default): CREATE TABLE IF NOT EXISTS `Admin` (`id` INTEGER NOT NULL auto_increment , `loginId` VARCHAR(255) NOT NULL, `loginPwd` VARCHAR(255) NOT NULL, `name` VARCHAR(255) NOT NULL, `deletedAt` DATETIME, PRIMARY KEY (`id`)) ENGINE=InnoDB;

sql: 2022-03-15 09:49:11 INFO  Executing (default): SHOW FULL COLUMNS FROM `Admin`;

sql: 2022-03-15 09:49:11 INFO  Executing (default): SELECT CONSTRAINT_NAME as constraint_name,CONSTRAINT_NAME as constraintName,CONSTRAINT_SCHEMA as constraintSchema,CONSTRAINT_SCHEMA as constraintCatalog,TABLE_NAME as tableName,TABLE_SCHEMA as tableSchema,TABLE_SCHEMA as tableCatalog,COLUMN_NAME as columnName,REFERENCED_TABLE_SCHEMA as referencedTableSchema,REFERENCED_TABLE_SCHEMA as referencedTableCatalog,REFERENCED_TABLE_NAME as referencedTableName,REFERENCED_COLUMN_NAME as referencedColumnName FROM INFORMATION_SCHEMA.KEY_COLUMN_USAGE where TABLE_NAME = 'Admin' AND CONSTRAINT_NAME!='PRIMARY' AND CONSTRAINT_SCHEMA='my_school_db' AND REFERENCED_TABLE_NAME IS NOT NULL;

sql: 2022-03-15 09:49:11 INFO  Executing (default): ALTER TABLE `Admin` CHANGE `loginId` `loginId` VARCHAR(255) NOT NULL;

sql: 2022-03-15 09:49:11 INFO  Executing (default): ALTER TABLE `Admin` CHANGE `loginPwd` `loginPwd` VARCHAR(255) NOT NULL;

sql: 2022-03-15 09:49:11 INFO  Executing (default): ALTER TABLE `Admin` CHANGE `name` `name` VARCHAR(255) NOT NULL;

sql: 2022-03-15 09:49:12 INFO  Executing (default): ALTER TABLE `Admin` CHANGE `deletedAt` `deletedAt` DATETIME;

sql: 2022-03-15 09:49:12 INFO  Executing (default): SHOW INDEX FROM `Admin`

sql: 2022-03-15 09:49:12 INFO  Executing (default): CREATE TABLE IF NOT EXISTS `Book` (`id` INTEGER NOT NULL auto_increment , `name` VARCHAR(255) NOT NULL, `imgUrl` VARCHAR(255), `publishDate` VARCHAR(255) NOT NULL, `author` VARCHAR(255) NOT NULL, `createdAt` DATETIME NOT NULL, `updatedAt` DATETIME NOT NULL, `deletedAt` DATETIME, PRIMARY KEY (`id`)) ENGINE=InnoDB;

sql: 2022-03-15 09:49:12 INFO  Executing (default): SHOW FULL COLUMNS FROM `Book`;

sql: 2022-03-15 09:49:12 INFO  Executing (default): SELECT CONSTRAINT_NAME as constraint_name,CONSTRAINT_NAME as constraintName,CONSTRAINT_SCHEMA as constraintSchema,CONSTRAINT_SCHEMA as constraintCatalog,TABLE_NAME as tableName,TABLE_SCHEMA as tableSchema,TABLE_SCHEMA as tableCatalog,COLUMN_NAME as columnName,REFERENCED_TABLE_SCHEMA as referencedTableSchema,REFERENCED_TABLE_SCHEMA as referencedTableCatalog,REFERENCED_TABLE_NAME as referencedTableName,REFERENCED_COLUMN_NAME as referencedColumnName FROM INFORMATION_SCHEMA.KEY_COLUMN_USAGE where TABLE_NAME = 'Book' AND CONSTRAINT_NAME!='PRIMARY' AND CONSTRAINT_SCHEMA='my_school_db' AND REFERENCED_TABLE_NAME IS NOT NULL;

sql: 2022-03-15 09:49:12 INFO  Executing (default): ALTER TABLE `Book` CHANGE `name` `name` VARCHAR(255) NOT NULL;

sql: 2022-03-15 09:49:12 INFO  Executing (default): ALTER TABLE `Book` CHANGE `imgUrl` `imgUrl` VARCHAR(255);

sql: 2022-03-15 09:49:12 INFO  Executing (default): SELECT `id`, `loginId`, `loginPwd`, `name`, `deletedAt` FROM `Admin` AS `Admin` WHERE (`Admin`.`deletedAt` IS NULL AND (`Admin`.`loginId` = 'xyq' AND `Admin`.`loginPwd` = '202cb962ac59075b964b07152d234b70')) LIMIT 1;

sql: 2022-03-15 09:49:12 INFO  Executing (default): ALTER TABLE `Book` CHANGE `publishDate` `publishDate` VARCHAR(255) NOT NULL;

sql: 2022-03-15 09:49:12 INFO  Executing (default): ALTER TABLE `Book` CHANGE `author` `author` VARCHAR(255) NOT NULL;

sql: 2022-03-15 09:49:13 INFO  Executing (default): ALTER TABLE `Book` CHANGE `createdAt` `createdAt` DATETIME NOT NULL;

sql: 2022-03-15 09:49:13 INFO  Executing (default): ALTER TABLE `Book` CHANGE `updatedAt` `updatedAt` DATETIME NOT NULL;

sql: 2022-03-15 09:49:13 INFO  Executing (default): ALTER TABLE `Book` CHANGE `deletedAt` `deletedAt` DATETIME;

sql: 2022-03-15 09:49:13 INFO  Executing (default): SHOW INDEX FROM `Book`

sql: 2022-03-15 09:49:48 INFO  Executing (default): CREATE TABLE IF NOT EXISTS `Class` (`id` INTEGER NOT NULL auto_increment , `name` VARCHAR(255) NOT NULL, `startDate` DATETIME NOT NULL, `createdAt` DATETIME NOT NULL, `updatedAt` DATETIME NOT NULL, `deletedAt` DATETIME, PRIMARY KEY (`id`)) ENGINE=InnoDB;

sql: 2022-03-15 09:49:48 INFO  Executing (default): SHOW FULL COLUMNS FROM `Class`;

sql: 2022-03-15 09:49:48 INFO  Executing (default): SELECT CONSTRAINT_NAME as constraint_name,CONSTRAINT_NAME as constraintName,CONSTRAINT_SCHEMA as constraintSchema,CONSTRAINT_SCHEMA as constraintCatalog,TABLE_NAME as tableName,TABLE_SCHEMA as tableSchema,TABLE_SCHEMA as tableCatalog,COLUMN_NAME as columnName,REFERENCED_TABLE_SCHEMA as referencedTableSchema,REFERENCED_TABLE_SCHEMA as referencedTableCatalog,REFERENCED_TABLE_NAME as referencedTableName,REFERENCED_COLUMN_NAME as referencedColumnName FROM INFORMATION_SCHEMA.KEY_COLUMN_USAGE where TABLE_NAME = 'Class' AND CONSTRAINT_NAME!='PRIMARY' AND CONSTRAINT_SCHEMA='my_school_db' AND REFERENCED_TABLE_NAME IS NOT NULL;

sql: 2022-03-15 09:49:48 INFO  Executing (default): SELECT `id`, `loginId`, `loginPwd`, `name`, `deletedAt` FROM `Admin` AS `Admin` WHERE (`Admin`.`deletedAt` IS NULL AND (`Admin`.`loginId` = 'xyq' AND `Admin`.`loginPwd` = '202cb962ac59075b964b07152d234b70')) LIMIT 1;

sql: 2022-03-15 09:49:48 INFO  Executing (default): ALTER TABLE `Class` CHANGE `createdAt` `createdAt` DATETIME NOT NULL;

sql: 2022-03-15 09:49:50 INFO  Executing (default): ALTER TABLE `Class` CHANGE `updatedAt` `updatedAt` DATETIME NOT NULL;

sql: 2022-03-15 09:49:50 INFO  Executing (default): ALTER TABLE `Class` CHANGE `deletedAt` `deletedAt` DATETIME;

sql: 2022-03-15 09:49:51 INFO  Executing (default): ALTER TABLE `Class` CHANGE `name` `name` VARCHAR(255) NOT NULL;

sql: 2022-03-15 09:49:52 INFO  Executing (default): ALTER TABLE `Class` CHANGE `startDate` `startDate` DATETIME NOT NULL;

sql: 2022-03-15 09:49:53 INFO  Executing (default): SHOW INDEX FROM `Class`

sql: 2022-03-15 09:49:53 INFO  Executing (default): CREATE TABLE IF NOT EXISTS `Student` (`id` INTEGER NOT NULL auto_increment , `name` VARCHAR(255) NOT NULL, `birthDay` DATETIME NOT NULL, `sex` TINYINT(1) NOT NULL, `phone` VARCHAR(255) NOT NULL, `createdAt` DATETIME NOT NULL, `updatedAt` DATETIME NOT NULL, `deletedAt` DATETIME, `ClassId` INTEGER, PRIMARY KEY (`id`), FOREIGN KEY (`ClassId`) REFERENCES `Class` (`id`) ON DELETE SET NULL ON UPDATE CASCADE) ENGINE=InnoDB;

sql: 2022-03-15 09:49:53 INFO  Executing (default): SHOW FULL COLUMNS FROM `Student`;

sql: 2022-03-15 09:49:53 INFO  Executing (default): SELECT CONSTRAINT_NAME as constraint_name,CONSTRAINT_NAME as constraintName,CONSTRAINT_SCHEMA as constraintSchema,CONSTRAINT_SCHEMA as constraintCatalog,TABLE_NAME as tableName,TABLE_SCHEMA as tableSchema,TABLE_SCHEMA as tableCatalog,COLUMN_NAME as columnName,REFERENCED_TABLE_SCHEMA as referencedTableSchema,REFERENCED_TABLE_SCHEMA as referencedTableCatalog,REFERENCED_TABLE_NAME as referencedTableName,REFERENCED_COLUMN_NAME as referencedColumnName FROM INFORMATION_SCHEMA.KEY_COLUMN_USAGE where TABLE_NAME = 'Student' AND CONSTRAINT_NAME!='PRIMARY' AND CONSTRAINT_SCHEMA='my_school_db' AND REFERENCED_TABLE_NAME IS NOT NULL;

sql: 2022-03-15 09:49:53 INFO  Executing (default): ALTER TABLE `Student` CHANGE `name` `name` VARCHAR(255) NOT NULL;

sql: 2022-03-15 09:49:54 INFO  Executing (default): ALTER TABLE `Student` CHANGE `birthDay` `birthDay` DATETIME NOT NULL;

sql: 2022-03-15 09:49:54 INFO  Executing (default): ALTER TABLE `Student` CHANGE `sex` `sex` TINYINT(1) NOT NULL;

sql: 2022-03-15 09:49:54 INFO  Executing (default): ALTER TABLE `Student` CHANGE `phone` `phone` VARCHAR(255) NOT NULL;

sql: 2022-03-15 09:49:54 INFO  Executing (default): ALTER TABLE `Student` CHANGE `createdAt` `createdAt` DATETIME NOT NULL;

sql: 2022-03-15 09:49:55 INFO  Executing (default): ALTER TABLE `Student` CHANGE `updatedAt` `updatedAt` DATETIME NOT NULL;

sql: 2022-03-15 09:49:55 INFO  Executing (default): ALTER TABLE `Student` CHANGE `deletedAt` `deletedAt` DATETIME;

sql: 2022-03-15 09:49:55 INFO  Executing (default): ALTER TABLE `Student` ADD FOREIGN KEY (`ClassId`) REFERENCES `Class` (`id`) ON DELETE SET NULL ON UPDATE CASCADE;

sql: 2022-03-15 09:49:57 INFO  Executing (default): SHOW INDEX FROM `Student`

sql: 2022-03-15 09:49:57 INFO  Executing (default): CREATE TABLE IF NOT EXISTS `Admin` (`id` INTEGER NOT NULL auto_increment , `loginId` VARCHAR(255) NOT NULL, `loginPwd` VARCHAR(255) NOT NULL, `name` VARCHAR(255) NOT NULL, `deletedAt` DATETIME, PRIMARY KEY (`id`)) ENGINE=InnoDB;

sql: 2022-03-15 09:49:57 INFO  Executing (default): SHOW FULL COLUMNS FROM `Admin`;

sql: 2022-03-15 09:49:57 INFO  Executing (default): SELECT CONSTRAINT_NAME as constraint_name,CONSTRAINT_NAME as constraintName,CONSTRAINT_SCHEMA as constraintSchema,CONSTRAINT_SCHEMA as constraintCatalog,TABLE_NAME as tableName,TABLE_SCHEMA as tableSchema,TABLE_SCHEMA as tableCatalog,COLUMN_NAME as columnName,REFERENCED_TABLE_SCHEMA as referencedTableSchema,REFERENCED_TABLE_SCHEMA as referencedTableCatalog,REFERENCED_TABLE_NAME as referencedTableName,REFERENCED_COLUMN_NAME as referencedColumnName FROM INFORMATION_SCHEMA.KEY_COLUMN_USAGE where TABLE_NAME = 'Admin' AND CONSTRAINT_NAME!='PRIMARY' AND CONSTRAINT_SCHEMA='my_school_db' AND REFERENCED_TABLE_NAME IS NOT NULL;

sql: 2022-03-15 09:49:58 INFO  Executing (default): ALTER TABLE `Admin` CHANGE `loginId` `loginId` VARCHAR(255) NOT NULL;

sql: 2022-03-15 09:49:58 INFO  Executing (default): ALTER TABLE `Admin` CHANGE `loginPwd` `loginPwd` VARCHAR(255) NOT NULL;

sql: 2022-03-15 09:49:58 INFO  Executing (default): ALTER TABLE `Admin` CHANGE `name` `name` VARCHAR(255) NOT NULL;

sql: 2022-03-15 09:49:58 INFO  Executing (default): ALTER TABLE `Admin` CHANGE `deletedAt` `deletedAt` DATETIME;

sql: 2022-03-15 09:49:58 INFO  Executing (default): SHOW INDEX FROM `Admin`

sql: 2022-03-15 09:49:58 INFO  Executing (default): CREATE TABLE IF NOT EXISTS `Book` (`id` INTEGER NOT NULL auto_increment , `name` VARCHAR(255) NOT NULL, `imgUrl` VARCHAR(255), `publishDate` VARCHAR(255) NOT NULL, `author` VARCHAR(255) NOT NULL, `createdAt` DATETIME NOT NULL, `updatedAt` DATETIME NOT NULL, `deletedAt` DATETIME, PRIMARY KEY (`id`)) ENGINE=InnoDB;

sql: 2022-03-15 09:49:58 INFO  Executing (default): SHOW FULL COLUMNS FROM `Book`;

sql: 2022-03-15 09:49:58 INFO  Executing (default): SELECT CONSTRAINT_NAME as constraint_name,CONSTRAINT_NAME as constraintName,CONSTRAINT_SCHEMA as constraintSchema,CONSTRAINT_SCHEMA as constraintCatalog,TABLE_NAME as tableName,TABLE_SCHEMA as tableSchema,TABLE_SCHEMA as tableCatalog,COLUMN_NAME as columnName,REFERENCED_TABLE_SCHEMA as referencedTableSchema,REFERENCED_TABLE_SCHEMA as referencedTableCatalog,REFERENCED_TABLE_NAME as referencedTableName,REFERENCED_COLUMN_NAME as referencedColumnName FROM INFORMATION_SCHEMA.KEY_COLUMN_USAGE where TABLE_NAME = 'Book' AND CONSTRAINT_NAME!='PRIMARY' AND CONSTRAINT_SCHEMA='my_school_db' AND REFERENCED_TABLE_NAME IS NOT NULL;

sql: 2022-03-15 09:49:58 INFO  Executing (default): ALTER TABLE `Book` CHANGE `name` `name` VARCHAR(255) NOT NULL;

sql: 2022-03-15 09:49:59 INFO  Executing (default): ALTER TABLE `Book` CHANGE `imgUrl` `imgUrl` VARCHAR(255);

sql: 2022-03-15 09:49:59 INFO  Executing (default): ALTER TABLE `Book` CHANGE `publishDate` `publishDate` VARCHAR(255) NOT NULL;

sql: 2022-03-15 09:49:59 INFO  Executing (default): ALTER TABLE `Book` CHANGE `author` `author` VARCHAR(255) NOT NULL;

sql: 2022-03-15 09:49:59 INFO  Executing (default): ALTER TABLE `Book` CHANGE `createdAt` `createdAt` DATETIME NOT NULL;

sql: 2022-03-15 09:50:00 INFO  Executing (default): ALTER TABLE `Book` CHANGE `updatedAt` `updatedAt` DATETIME NOT NULL;

sql: 2022-03-15 09:50:00 INFO  Executing (default): ALTER TABLE `Book` CHANGE `deletedAt` `deletedAt` DATETIME;

sql: 2022-03-15 09:50:00 INFO  Executing (default): SHOW INDEX FROM `Book`

sql: 2022-03-15 09:50:15 INFO  Executing (default): CREATE TABLE IF NOT EXISTS `Class` (`id` INTEGER NOT NULL auto_increment , `name` VARCHAR(255) NOT NULL, `startDate` DATETIME NOT NULL, `createdAt` DATETIME NOT NULL, `updatedAt` DATETIME NOT NULL, `deletedAt` DATETIME, PRIMARY KEY (`id`)) ENGINE=InnoDB;

sql: 2022-03-15 09:50:16 INFO  Executing (default): SHOW FULL COLUMNS FROM `Class`;

sql: 2022-03-15 09:50:16 INFO  Executing (default): SELECT CONSTRAINT_NAME as constraint_name,CONSTRAINT_NAME as constraintName,CONSTRAINT_SCHEMA as constraintSchema,CONSTRAINT_SCHEMA as constraintCatalog,TABLE_NAME as tableName,TABLE_SCHEMA as tableSchema,TABLE_SCHEMA as tableCatalog,COLUMN_NAME as columnName,REFERENCED_TABLE_SCHEMA as referencedTableSchema,REFERENCED_TABLE_SCHEMA as referencedTableCatalog,REFERENCED_TABLE_NAME as referencedTableName,REFERENCED_COLUMN_NAME as referencedColumnName FROM INFORMATION_SCHEMA.KEY_COLUMN_USAGE where TABLE_NAME = 'Class' AND CONSTRAINT_NAME!='PRIMARY' AND CONSTRAINT_SCHEMA='my_school_db' AND REFERENCED_TABLE_NAME IS NOT NULL;

sql: 2022-03-15 09:50:16 INFO  Executing (default): ALTER TABLE `Class` CHANGE `createdAt` `createdAt` DATETIME NOT NULL;

sql: 2022-03-15 09:50:17 INFO  Executing (default): ALTER TABLE `Class` CHANGE `updatedAt` `updatedAt` DATETIME NOT NULL;

sql: 2022-03-15 09:50:18 INFO  Executing (default): ALTER TABLE `Class` CHANGE `deletedAt` `deletedAt` DATETIME;

sql: 2022-03-15 09:50:19 INFO  Executing (default): ALTER TABLE `Class` CHANGE `name` `name` VARCHAR(255) NOT NULL;

sql: 2022-03-15 09:50:20 INFO  Executing (default): SELECT `id`, `loginId`, `loginPwd`, `name`, `deletedAt` FROM `Admin` AS `Admin` WHERE (`Admin`.`deletedAt` IS NULL AND (`Admin`.`loginId` = 'xyq' AND `Admin`.`loginPwd` = '202cb962ac59075b964b07152d234b70')) LIMIT 1;

sql: 2022-03-15 09:50:20 INFO  Executing (default): ALTER TABLE `Class` CHANGE `startDate` `startDate` DATETIME NOT NULL;

sql: 2022-03-15 09:50:21 INFO  Executing (default): SHOW INDEX FROM `Class`

sql: 2022-03-15 09:50:21 INFO  Executing (default): CREATE TABLE IF NOT EXISTS `Student` (`id` INTEGER NOT NULL auto_increment , `name` VARCHAR(255) NOT NULL, `birthDay` DATETIME NOT NULL, `sex` TINYINT(1) NOT NULL, `phone` VARCHAR(255) NOT NULL, `createdAt` DATETIME NOT NULL, `updatedAt` DATETIME NOT NULL, `deletedAt` DATETIME, `ClassId` INTEGER, PRIMARY KEY (`id`), FOREIGN KEY (`ClassId`) REFERENCES `Class` (`id`) ON DELETE SET NULL ON UPDATE CASCADE) ENGINE=InnoDB;

sql: 2022-03-15 09:50:21 INFO  Executing (default): SHOW FULL COLUMNS FROM `Student`;

sql: 2022-03-15 09:50:21 INFO  Executing (default): SELECT CONSTRAINT_NAME as constraint_name,CONSTRAINT_NAME as constraintName,CONSTRAINT_SCHEMA as constraintSchema,CONSTRAINT_SCHEMA as constraintCatalog,TABLE_NAME as tableName,TABLE_SCHEMA as tableSchema,TABLE_SCHEMA as tableCatalog,COLUMN_NAME as columnName,REFERENCED_TABLE_SCHEMA as referencedTableSchema,REFERENCED_TABLE_SCHEMA as referencedTableCatalog,REFERENCED_TABLE_NAME as referencedTableName,REFERENCED_COLUMN_NAME as referencedColumnName FROM INFORMATION_SCHEMA.KEY_COLUMN_USAGE where TABLE_NAME = 'Student' AND CONSTRAINT_NAME!='PRIMARY' AND CONSTRAINT_SCHEMA='my_school_db' AND REFERENCED_TABLE_NAME IS NOT NULL;

sql: 2022-03-15 09:50:21 INFO  Executing (default): ALTER TABLE `Student` CHANGE `name` `name` VARCHAR(255) NOT NULL;

sql: 2022-03-15 09:50:21 INFO  Executing (default): ALTER TABLE `Student` CHANGE `birthDay` `birthDay` DATETIME NOT NULL;

sql: 2022-03-15 09:50:22 INFO  Executing (default): ALTER TABLE `Student` CHANGE `sex` `sex` TINYINT(1) NOT NULL;

sql: 2022-03-15 09:50:22 INFO  Executing (default): ALTER TABLE `Student` CHANGE `phone` `phone` VARCHAR(255) NOT NULL;

sql: 2022-03-15 09:50:22 INFO  Executing (default): ALTER TABLE `Student` CHANGE `createdAt` `createdAt` DATETIME NOT NULL;

sql: 2022-03-15 09:50:23 INFO  Executing (default): ALTER TABLE `Student` CHANGE `updatedAt` `updatedAt` DATETIME NOT NULL;

sql: 2022-03-15 09:50:23 INFO  Executing (default): ALTER TABLE `Student` CHANGE `deletedAt` `deletedAt` DATETIME;

sql: 2022-03-15 09:50:23 INFO  Executing (default): ALTER TABLE `Student` ADD FOREIGN KEY (`ClassId`) REFERENCES `Class` (`id`) ON DELETE SET NULL ON UPDATE CASCADE;

sql: 2022-03-15 09:50:25 INFO  Executing (default): SHOW INDEX FROM `Student`

sql: 2022-03-15 09:50:25 INFO  Executing (default): CREATE TABLE IF NOT EXISTS `Admin` (`id` INTEGER NOT NULL auto_increment , `loginId` VARCHAR(255) NOT NULL, `loginPwd` VARCHAR(255) NOT NULL, `name` VARCHAR(255) NOT NULL, `deletedAt` DATETIME, PRIMARY KEY (`id`)) ENGINE=InnoDB;

sql: 2022-03-15 09:50:25 INFO  Executing (default): SHOW FULL COLUMNS FROM `Admin`;

sql: 2022-03-15 09:50:25 INFO  Executing (default): SELECT CONSTRAINT_NAME as constraint_name,CONSTRAINT_NAME as constraintName,CONSTRAINT_SCHEMA as constraintSchema,CONSTRAINT_SCHEMA as constraintCatalog,TABLE_NAME as tableName,TABLE_SCHEMA as tableSchema,TABLE_SCHEMA as tableCatalog,COLUMN_NAME as columnName,REFERENCED_TABLE_SCHEMA as referencedTableSchema,REFERENCED_TABLE_SCHEMA as referencedTableCatalog,REFERENCED_TABLE_NAME as referencedTableName,REFERENCED_COLUMN_NAME as referencedColumnName FROM INFORMATION_SCHEMA.KEY_COLUMN_USAGE where TABLE_NAME = 'Admin' AND CONSTRAINT_NAME!='PRIMARY' AND CONSTRAINT_SCHEMA='my_school_db' AND REFERENCED_TABLE_NAME IS NOT NULL;

sql: 2022-03-15 09:50:26 INFO  Executing (default): ALTER TABLE `Admin` CHANGE `loginId` `loginId` VARCHAR(255) NOT NULL;

sql: 2022-03-15 09:50:26 INFO  Executing (default): ALTER TABLE `Admin` CHANGE `loginPwd` `loginPwd` VARCHAR(255) NOT NULL;

sql: 2022-03-15 09:50:26 INFO  Executing (default): ALTER TABLE `Admin` CHANGE `name` `name` VARCHAR(255) NOT NULL;

sql: 2022-03-15 09:50:26 INFO  Executing (default): ALTER TABLE `Admin` CHANGE `deletedAt` `deletedAt` DATETIME;

sql: 2022-03-15 09:50:26 INFO  Executing (default): SHOW INDEX FROM `Admin`

sql: 2022-03-15 09:50:26 INFO  Executing (default): CREATE TABLE IF NOT EXISTS `Book` (`id` INTEGER NOT NULL auto_increment , `name` VARCHAR(255) NOT NULL, `imgUrl` VARCHAR(255), `publishDate` VARCHAR(255) NOT NULL, `author` VARCHAR(255) NOT NULL, `createdAt` DATETIME NOT NULL, `updatedAt` DATETIME NOT NULL, `deletedAt` DATETIME, PRIMARY KEY (`id`)) ENGINE=InnoDB;

sql: 2022-03-15 09:50:26 INFO  Executing (default): SHOW FULL COLUMNS FROM `Book`;

sql: 2022-03-15 09:50:26 INFO  Executing (default): SELECT CONSTRAINT_NAME as constraint_name,CONSTRAINT_NAME as constraintName,CONSTRAINT_SCHEMA as constraintSchema,CONSTRAINT_SCHEMA as constraintCatalog,TABLE_NAME as tableName,TABLE_SCHEMA as tableSchema,TABLE_SCHEMA as tableCatalog,COLUMN_NAME as columnName,REFERENCED_TABLE_SCHEMA as referencedTableSchema,REFERENCED_TABLE_SCHEMA as referencedTableCatalog,REFERENCED_TABLE_NAME as referencedTableName,REFERENCED_COLUMN_NAME as referencedColumnName FROM INFORMATION_SCHEMA.KEY_COLUMN_USAGE where TABLE_NAME = 'Book' AND CONSTRAINT_NAME!='PRIMARY' AND CONSTRAINT_SCHEMA='my_school_db' AND REFERENCED_TABLE_NAME IS NOT NULL;

sql: 2022-03-15 09:50:26 INFO  Executing (default): ALTER TABLE `Book` CHANGE `name` `name` VARCHAR(255) NOT NULL;

sql: 2022-03-15 09:50:26 INFO  Executing (default): ALTER TABLE `Book` CHANGE `imgUrl` `imgUrl` VARCHAR(255);

sql: 2022-03-15 09:50:27 INFO  Executing (default): ALTER TABLE `Book` CHANGE `publishDate` `publishDate` VARCHAR(255) NOT NULL;

sql: 2022-03-15 09:50:27 INFO  Executing (default): ALTER TABLE `Book` CHANGE `author` `author` VARCHAR(255) NOT NULL;

sql: 2022-03-15 09:50:27 INFO  Executing (default): ALTER TABLE `Book` CHANGE `createdAt` `createdAt` DATETIME NOT NULL;

sql: 2022-03-15 09:50:27 INFO  Executing (default): ALTER TABLE `Book` CHANGE `updatedAt` `updatedAt` DATETIME NOT NULL;

sql: 2022-03-15 09:50:27 INFO  Executing (default): ALTER TABLE `Book` CHANGE `deletedAt` `deletedAt` DATETIME;

sql: 2022-03-15 09:50:28 INFO  Executing (default): SHOW INDEX FROM `Book`

sql: 2022-03-15 09:50:35 INFO  Executing (default): CREATE TABLE IF NOT EXISTS `Class` (`id` INTEGER NOT NULL auto_increment , `name` VARCHAR(255) NOT NULL, `startDate` DATETIME NOT NULL, `createdAt` DATETIME NOT NULL, `updatedAt` DATETIME NOT NULL, `deletedAt` DATETIME, PRIMARY KEY (`id`)) ENGINE=InnoDB;

sql: 2022-03-15 09:50:35 INFO  Executing (default): SHOW FULL COLUMNS FROM `Class`;

sql: 2022-03-15 09:50:35 INFO  Executing (default): SELECT CONSTRAINT_NAME as constraint_name,CONSTRAINT_NAME as constraintName,CONSTRAINT_SCHEMA as constraintSchema,CONSTRAINT_SCHEMA as constraintCatalog,TABLE_NAME as tableName,TABLE_SCHEMA as tableSchema,TABLE_SCHEMA as tableCatalog,COLUMN_NAME as columnName,REFERENCED_TABLE_SCHEMA as referencedTableSchema,REFERENCED_TABLE_SCHEMA as referencedTableCatalog,REFERENCED_TABLE_NAME as referencedTableName,REFERENCED_COLUMN_NAME as referencedColumnName FROM INFORMATION_SCHEMA.KEY_COLUMN_USAGE where TABLE_NAME = 'Class' AND CONSTRAINT_NAME!='PRIMARY' AND CONSTRAINT_SCHEMA='my_school_db' AND REFERENCED_TABLE_NAME IS NOT NULL;

sql: 2022-03-15 09:50:35 INFO  Executing (default): ALTER TABLE `Class` CHANGE `createdAt` `createdAt` DATETIME NOT NULL;

sql: 2022-03-15 09:50:36 INFO  Executing (default): SELECT `id`, `loginId`, `loginPwd`, `name`, `deletedAt` FROM `Admin` AS `Admin` WHERE (`Admin`.`deletedAt` IS NULL AND (`Admin`.`loginId` = 'xyq' AND `Admin`.`loginPwd` = '202cb962ac59075b964b07152d234b70')) LIMIT 1;

sql: 2022-03-15 09:50:36 INFO  Executing (default): ALTER TABLE `Class` CHANGE `updatedAt` `updatedAt` DATETIME NOT NULL;

sql: 2022-03-15 09:50:37 INFO  Executing (default): ALTER TABLE `Class` CHANGE `deletedAt` `deletedAt` DATETIME;

sql: 2022-03-15 09:50:39 INFO  Executing (default): ALTER TABLE `Class` CHANGE `name` `name` VARCHAR(255) NOT NULL;

sql: 2022-03-15 09:50:40 INFO  Executing (default): ALTER TABLE `Class` CHANGE `startDate` `startDate` DATETIME NOT NULL;

sql: 2022-03-15 09:50:42 INFO  Executing (default): SHOW INDEX FROM `Class`

sql: 2022-03-15 09:50:42 INFO  Executing (default): CREATE TABLE IF NOT EXISTS `Student` (`id` INTEGER NOT NULL auto_increment , `name` VARCHAR(255) NOT NULL, `birthDay` DATETIME NOT NULL, `sex` TINYINT(1) NOT NULL, `phone` VARCHAR(255) NOT NULL, `createdAt` DATETIME NOT NULL, `updatedAt` DATETIME NOT NULL, `deletedAt` DATETIME, `ClassId` INTEGER, PRIMARY KEY (`id`), FOREIGN KEY (`ClassId`) REFERENCES `Class` (`id`) ON DELETE SET NULL ON UPDATE CASCADE) ENGINE=InnoDB;

sql: 2022-03-15 09:50:42 INFO  Executing (default): SHOW FULL COLUMNS FROM `Student`;

sql: 2022-03-15 09:50:42 INFO  Executing (default): SELECT CONSTRAINT_NAME as constraint_name,CONSTRAINT_NAME as constraintName,CONSTRAINT_SCHEMA as constraintSchema,CONSTRAINT_SCHEMA as constraintCatalog,TABLE_NAME as tableName,TABLE_SCHEMA as tableSchema,TABLE_SCHEMA as tableCatalog,COLUMN_NAME as columnName,REFERENCED_TABLE_SCHEMA as referencedTableSchema,REFERENCED_TABLE_SCHEMA as referencedTableCatalog,REFERENCED_TABLE_NAME as referencedTableName,REFERENCED_COLUMN_NAME as referencedColumnName FROM INFORMATION_SCHEMA.KEY_COLUMN_USAGE where TABLE_NAME = 'Student' AND CONSTRAINT_NAME!='PRIMARY' AND CONSTRAINT_SCHEMA='my_school_db' AND REFERENCED_TABLE_NAME IS NOT NULL;

sql: 2022-03-15 09:50:42 INFO  Executing (default): ALTER TABLE `Student` CHANGE `name` `name` VARCHAR(255) NOT NULL;

sql: 2022-03-15 09:50:43 INFO  Executing (default): ALTER TABLE `Student` CHANGE `birthDay` `birthDay` DATETIME NOT NULL;

sql: 2022-03-15 09:50:43 INFO  Executing (default): ALTER TABLE `Student` CHANGE `sex` `sex` TINYINT(1) NOT NULL;

sql: 2022-03-15 09:50:44 INFO  Executing (default): ALTER TABLE `Student` CHANGE `phone` `phone` VARCHAR(255) NOT NULL;

sql: 2022-03-15 09:50:44 INFO  Executing (default): ALTER TABLE `Student` CHANGE `createdAt` `createdAt` DATETIME NOT NULL;

sql: 2022-03-15 09:50:44 INFO  Executing (default): ALTER TABLE `Student` CHANGE `updatedAt` `updatedAt` DATETIME NOT NULL;

sql: 2022-03-15 09:50:45 INFO  Executing (default): ALTER TABLE `Student` CHANGE `deletedAt` `deletedAt` DATETIME;

sql: 2022-03-15 09:50:45 INFO  Executing (default): ALTER TABLE `Student` ADD FOREIGN KEY (`ClassId`) REFERENCES `Class` (`id`) ON DELETE SET NULL ON UPDATE CASCADE;

sql: 2022-03-15 09:50:48 INFO  Executing (default): SHOW INDEX FROM `Student`

sql: 2022-03-15 09:50:48 INFO  Executing (default): CREATE TABLE IF NOT EXISTS `Admin` (`id` INTEGER NOT NULL auto_increment , `loginId` VARCHAR(255) NOT NULL, `loginPwd` VARCHAR(255) NOT NULL, `name` VARCHAR(255) NOT NULL, `deletedAt` DATETIME, PRIMARY KEY (`id`)) ENGINE=InnoDB;

sql: 2022-03-15 09:50:48 INFO  Executing (default): SHOW FULL COLUMNS FROM `Admin`;

sql: 2022-03-15 09:50:48 INFO  Executing (default): SELECT CONSTRAINT_NAME as constraint_name,CONSTRAINT_NAME as constraintName,CONSTRAINT_SCHEMA as constraintSchema,CONSTRAINT_SCHEMA as constraintCatalog,TABLE_NAME as tableName,TABLE_SCHEMA as tableSchema,TABLE_SCHEMA as tableCatalog,COLUMN_NAME as columnName,REFERENCED_TABLE_SCHEMA as referencedTableSchema,REFERENCED_TABLE_SCHEMA as referencedTableCatalog,REFERENCED_TABLE_NAME as referencedTableName,REFERENCED_COLUMN_NAME as referencedColumnName FROM INFORMATION_SCHEMA.KEY_COLUMN_USAGE where TABLE_NAME = 'Admin' AND CONSTRAINT_NAME!='PRIMARY' AND CONSTRAINT_SCHEMA='my_school_db' AND REFERENCED_TABLE_NAME IS NOT NULL;

sql: 2022-03-15 09:50:49 INFO  Executing (default): ALTER TABLE `Admin` CHANGE `loginId` `loginId` VARCHAR(255) NOT NULL;

sql: 2022-03-15 09:50:49 INFO  Executing (default): ALTER TABLE `Admin` CHANGE `loginPwd` `loginPwd` VARCHAR(255) NOT NULL;

sql: 2022-03-15 09:50:49 INFO  Executing (default): ALTER TABLE `Admin` CHANGE `name` `name` VARCHAR(255) NOT NULL;

sql: 2022-03-15 09:50:49 INFO  Executing (default): ALTER TABLE `Admin` CHANGE `deletedAt` `deletedAt` DATETIME;

sql: 2022-03-15 09:50:49 INFO  Executing (default): SHOW INDEX FROM `Admin`

sql: 2022-03-15 09:50:49 INFO  Executing (default): CREATE TABLE IF NOT EXISTS `Book` (`id` INTEGER NOT NULL auto_increment , `name` VARCHAR(255) NOT NULL, `imgUrl` VARCHAR(255), `publishDate` VARCHAR(255) NOT NULL, `author` VARCHAR(255) NOT NULL, `createdAt` DATETIME NOT NULL, `updatedAt` DATETIME NOT NULL, `deletedAt` DATETIME, PRIMARY KEY (`id`)) ENGINE=InnoDB;

sql: 2022-03-15 09:50:50 INFO  Executing (default): SHOW FULL COLUMNS FROM `Book`;

sql: 2022-03-15 09:50:50 INFO  Executing (default): SELECT CONSTRAINT_NAME as constraint_name,CONSTRAINT_NAME as constraintName,CONSTRAINT_SCHEMA as constraintSchema,CONSTRAINT_SCHEMA as constraintCatalog,TABLE_NAME as tableName,TABLE_SCHEMA as tableSchema,TABLE_SCHEMA as tableCatalog,COLUMN_NAME as columnName,REFERENCED_TABLE_SCHEMA as referencedTableSchema,REFERENCED_TABLE_SCHEMA as referencedTableCatalog,REFERENCED_TABLE_NAME as referencedTableName,REFERENCED_COLUMN_NAME as referencedColumnName FROM INFORMATION_SCHEMA.KEY_COLUMN_USAGE where TABLE_NAME = 'Book' AND CONSTRAINT_NAME!='PRIMARY' AND CONSTRAINT_SCHEMA='my_school_db' AND REFERENCED_TABLE_NAME IS NOT NULL;

sql: 2022-03-15 09:50:50 INFO  Executing (default): ALTER TABLE `Book` CHANGE `name` `name` VARCHAR(255) NOT NULL;

sql: 2022-03-15 09:50:50 INFO  Executing (default): ALTER TABLE `Book` CHANGE `imgUrl` `imgUrl` VARCHAR(255);

sql: 2022-03-15 09:50:50 INFO  Executing (default): ALTER TABLE `Book` CHANGE `publishDate` `publishDate` VARCHAR(255) NOT NULL;

sql: 2022-03-15 09:50:50 INFO  Executing (default): ALTER TABLE `Book` CHANGE `author` `author` VARCHAR(255) NOT NULL;

sql: 2022-03-15 09:50:51 INFO  Executing (default): ALTER TABLE `Book` CHANGE `createdAt` `createdAt` DATETIME NOT NULL;

sql: 2022-03-15 09:50:51 INFO  Executing (default): ALTER TABLE `Book` CHANGE `updatedAt` `updatedAt` DATETIME NOT NULL;

sql: 2022-03-15 09:50:51 INFO  Executing (default): ALTER TABLE `Book` CHANGE `deletedAt` `deletedAt` DATETIME;

sql: 2022-03-15 09:50:51 INFO  Executing (default): SHOW INDEX FROM `Book`

sql: 2022-03-15 09:52:19 INFO  Executing (default): CREATE TABLE IF NOT EXISTS `Class` (`id` INTEGER NOT NULL auto_increment , `name` VARCHAR(255) NOT NULL, `startDate` DATETIME NOT NULL, `createdAt` DATETIME NOT NULL, `updatedAt` DATETIME NOT NULL, `deletedAt` DATETIME, PRIMARY KEY (`id`)) ENGINE=InnoDB;

sql: 2022-03-15 09:52:19 INFO  Executing (default): SHOW FULL COLUMNS FROM `Class`;

sql: 2022-03-15 09:52:19 INFO  Executing (default): SELECT CONSTRAINT_NAME as constraint_name,CONSTRAINT_NAME as constraintName,CONSTRAINT_SCHEMA as constraintSchema,CONSTRAINT_SCHEMA as constraintCatalog,TABLE_NAME as tableName,TABLE_SCHEMA as tableSchema,TABLE_SCHEMA as tableCatalog,COLUMN_NAME as columnName,REFERENCED_TABLE_SCHEMA as referencedTableSchema,REFERENCED_TABLE_SCHEMA as referencedTableCatalog,REFERENCED_TABLE_NAME as referencedTableName,REFERENCED_COLUMN_NAME as referencedColumnName FROM INFORMATION_SCHEMA.KEY_COLUMN_USAGE where TABLE_NAME = 'Class' AND CONSTRAINT_NAME!='PRIMARY' AND CONSTRAINT_SCHEMA='my_school_db' AND REFERENCED_TABLE_NAME IS NOT NULL;

sql: 2022-03-15 09:52:19 INFO  Executing (default): ALTER TABLE `Class` CHANGE `createdAt` `createdAt` DATETIME NOT NULL;

sql: 2022-03-15 09:52:21 INFO  Executing (default): ALTER TABLE `Class` CHANGE `updatedAt` `updatedAt` DATETIME NOT NULL;

sql: 2022-03-15 09:52:22 INFO  Executing (default): ALTER TABLE `Class` CHANGE `deletedAt` `deletedAt` DATETIME;

sql: 2022-03-15 09:52:23 INFO  Executing (default): ALTER TABLE `Class` CHANGE `name` `name` VARCHAR(255) NOT NULL;

sql: 2022-03-15 09:52:24 INFO  Executing (default): ALTER TABLE `Class` CHANGE `startDate` `startDate` DATETIME NOT NULL;

sql: 2022-03-15 09:52:25 INFO  Executing (default): SHOW INDEX FROM `Class`

sql: 2022-03-15 09:52:25 INFO  Executing (default): CREATE TABLE IF NOT EXISTS `Student` (`id` INTEGER NOT NULL auto_increment , `name` VARCHAR(255) NOT NULL, `birthDay` DATETIME NOT NULL, `sex` TINYINT(1) NOT NULL, `phone` VARCHAR(255) NOT NULL, `createdAt` DATETIME NOT NULL, `updatedAt` DATETIME NOT NULL, `deletedAt` DATETIME, `ClassId` INTEGER, PRIMARY KEY (`id`), FOREIGN KEY (`ClassId`) REFERENCES `Class` (`id`) ON DELETE SET NULL ON UPDATE CASCADE) ENGINE=InnoDB;

sql: 2022-03-15 09:52:25 INFO  Executing (default): SHOW FULL COLUMNS FROM `Student`;

sql: 2022-03-15 09:52:25 INFO  Executing (default): SELECT CONSTRAINT_NAME as constraint_name,CONSTRAINT_NAME as constraintName,CONSTRAINT_SCHEMA as constraintSchema,CONSTRAINT_SCHEMA as constraintCatalog,TABLE_NAME as tableName,TABLE_SCHEMA as tableSchema,TABLE_SCHEMA as tableCatalog,COLUMN_NAME as columnName,REFERENCED_TABLE_SCHEMA as referencedTableSchema,REFERENCED_TABLE_SCHEMA as referencedTableCatalog,REFERENCED_TABLE_NAME as referencedTableName,REFERENCED_COLUMN_NAME as referencedColumnName FROM INFORMATION_SCHEMA.KEY_COLUMN_USAGE where TABLE_NAME = 'Student' AND CONSTRAINT_NAME!='PRIMARY' AND CONSTRAINT_SCHEMA='my_school_db' AND REFERENCED_TABLE_NAME IS NOT NULL;

sql: 2022-03-15 09:52:25 INFO  Executing (default): ALTER TABLE `Student` CHANGE `name` `name` VARCHAR(255) NOT NULL;

sql: 2022-03-15 09:52:26 INFO  Executing (default): ALTER TABLE `Student` CHANGE `birthDay` `birthDay` DATETIME NOT NULL;

sql: 2022-03-15 09:52:26 INFO  Executing (default): ALTER TABLE `Student` CHANGE `sex` `sex` TINYINT(1) NOT NULL;

sql: 2022-03-15 09:52:26 INFO  Executing (default): ALTER TABLE `Student` CHANGE `phone` `phone` VARCHAR(255) NOT NULL;

sql: 2022-03-15 09:52:27 INFO  Executing (default): ALTER TABLE `Student` CHANGE `createdAt` `createdAt` DATETIME NOT NULL;

sql: 2022-03-15 09:52:27 INFO  Executing (default): ALTER TABLE `Student` CHANGE `updatedAt` `updatedAt` DATETIME NOT NULL;

sql: 2022-03-15 09:52:27 INFO  Executing (default): ALTER TABLE `Student` CHANGE `deletedAt` `deletedAt` DATETIME;

sql: 2022-03-15 09:52:27 INFO  Executing (default): ALTER TABLE `Student` ADD FOREIGN KEY (`ClassId`) REFERENCES `Class` (`id`) ON DELETE SET NULL ON UPDATE CASCADE;

sql: 2022-03-15 09:52:29 INFO  Executing (default): SHOW INDEX FROM `Student`

sql: 2022-03-15 09:52:29 INFO  Executing (default): CREATE TABLE IF NOT EXISTS `Admin` (`id` INTEGER NOT NULL auto_increment , `loginId` VARCHAR(255) NOT NULL, `loginPwd` VARCHAR(255) NOT NULL, `name` VARCHAR(255) NOT NULL, `deletedAt` DATETIME, PRIMARY KEY (`id`)) ENGINE=InnoDB;

sql: 2022-03-15 09:52:29 INFO  Executing (default): SHOW FULL COLUMNS FROM `Admin`;

sql: 2022-03-15 09:52:29 INFO  Executing (default): SELECT CONSTRAINT_NAME as constraint_name,CONSTRAINT_NAME as constraintName,CONSTRAINT_SCHEMA as constraintSchema,CONSTRAINT_SCHEMA as constraintCatalog,TABLE_NAME as tableName,TABLE_SCHEMA as tableSchema,TABLE_SCHEMA as tableCatalog,COLUMN_NAME as columnName,REFERENCED_TABLE_SCHEMA as referencedTableSchema,REFERENCED_TABLE_SCHEMA as referencedTableCatalog,REFERENCED_TABLE_NAME as referencedTableName,REFERENCED_COLUMN_NAME as referencedColumnName FROM INFORMATION_SCHEMA.KEY_COLUMN_USAGE where TABLE_NAME = 'Admin' AND CONSTRAINT_NAME!='PRIMARY' AND CONSTRAINT_SCHEMA='my_school_db' AND REFERENCED_TABLE_NAME IS NOT NULL;

sql: 2022-03-15 09:52:29 INFO  Executing (default): ALTER TABLE `Admin` CHANGE `loginId` `loginId` VARCHAR(255) NOT NULL;

sql: 2022-03-15 09:52:29 INFO  Executing (default): ALTER TABLE `Admin` CHANGE `loginPwd` `loginPwd` VARCHAR(255) NOT NULL;

sql: 2022-03-15 09:52:29 INFO  Executing (default): ALTER TABLE `Admin` CHANGE `name` `name` VARCHAR(255) NOT NULL;

sql: 2022-03-15 09:52:30 INFO  Executing (default): ALTER TABLE `Admin` CHANGE `deletedAt` `deletedAt` DATETIME;

sql: 2022-03-15 09:52:30 INFO  Executing (default): SHOW INDEX FROM `Admin`

sql: 2022-03-15 09:52:30 INFO  Executing (default): CREATE TABLE IF NOT EXISTS `Book` (`id` INTEGER NOT NULL auto_increment , `name` VARCHAR(255) NOT NULL, `imgUrl` VARCHAR(255), `publishDate` VARCHAR(255) NOT NULL, `author` VARCHAR(255) NOT NULL, `createdAt` DATETIME NOT NULL, `updatedAt` DATETIME NOT NULL, `deletedAt` DATETIME, PRIMARY KEY (`id`)) ENGINE=InnoDB;

sql: 2022-03-15 09:52:30 INFO  Executing (default): SHOW FULL COLUMNS FROM `Book`;

sql: 2022-03-15 09:52:30 INFO  Executing (default): SELECT CONSTRAINT_NAME as constraint_name,CONSTRAINT_NAME as constraintName,CONSTRAINT_SCHEMA as constraintSchema,CONSTRAINT_SCHEMA as constraintCatalog,TABLE_NAME as tableName,TABLE_SCHEMA as tableSchema,TABLE_SCHEMA as tableCatalog,COLUMN_NAME as columnName,REFERENCED_TABLE_SCHEMA as referencedTableSchema,REFERENCED_TABLE_SCHEMA as referencedTableCatalog,REFERENCED_TABLE_NAME as referencedTableName,REFERENCED_COLUMN_NAME as referencedColumnName FROM INFORMATION_SCHEMA.KEY_COLUMN_USAGE where TABLE_NAME = 'Book' AND CONSTRAINT_NAME!='PRIMARY' AND CONSTRAINT_SCHEMA='my_school_db' AND REFERENCED_TABLE_NAME IS NOT NULL;

sql: 2022-03-15 09:52:30 INFO  Executing (default): ALTER TABLE `Book` CHANGE `name` `name` VARCHAR(255) NOT NULL;

sql: 2022-03-15 09:52:30 INFO  Executing (default): ALTER TABLE `Book` CHANGE `imgUrl` `imgUrl` VARCHAR(255);

sql: 2022-03-15 09:52:30 INFO  Executing (default): ALTER TABLE `Book` CHANGE `publishDate` `publishDate` VARCHAR(255) NOT NULL;

sql: 2022-03-15 09:52:31 INFO  Executing (default): ALTER TABLE `Book` CHANGE `author` `author` VARCHAR(255) NOT NULL;

sql: 2022-03-15 09:52:31 INFO  Executing (default): ALTER TABLE `Book` CHANGE `createdAt` `createdAt` DATETIME NOT NULL;

sql: 2022-03-15 09:52:31 INFO  Executing (default): ALTER TABLE `Book` CHANGE `updatedAt` `updatedAt` DATETIME NOT NULL;

sql: 2022-03-15 09:52:32 INFO  Executing (default): ALTER TABLE `Book` CHANGE `deletedAt` `deletedAt` DATETIME;

sql: 2022-03-15 09:52:32 INFO  Executing (default): SHOW INDEX FROM `Book`

sql: 2022-03-15 09:53:09 INFO  Executing (default): CREATE TABLE IF NOT EXISTS `Class` (`id` INTEGER NOT NULL auto_increment , `name` VARCHAR(255) NOT NULL, `startDate` DATETIME NOT NULL, `createdAt` DATETIME NOT NULL, `updatedAt` DATETIME NOT NULL, `deletedAt` DATETIME, PRIMARY KEY (`id`)) ENGINE=InnoDB;

sql: 2022-03-15 09:53:10 INFO  Executing (default): SHOW FULL COLUMNS FROM `Class`;

sql: 2022-03-15 09:53:10 INFO  Executing (default): SELECT CONSTRAINT_NAME as constraint_name,CONSTRAINT_NAME as constraintName,CONSTRAINT_SCHEMA as constraintSchema,CONSTRAINT_SCHEMA as constraintCatalog,TABLE_NAME as tableName,TABLE_SCHEMA as tableSchema,TABLE_SCHEMA as tableCatalog,COLUMN_NAME as columnName,REFERENCED_TABLE_SCHEMA as referencedTableSchema,REFERENCED_TABLE_SCHEMA as referencedTableCatalog,REFERENCED_TABLE_NAME as referencedTableName,REFERENCED_COLUMN_NAME as referencedColumnName FROM INFORMATION_SCHEMA.KEY_COLUMN_USAGE where TABLE_NAME = 'Class' AND CONSTRAINT_NAME!='PRIMARY' AND CONSTRAINT_SCHEMA='my_school_db' AND REFERENCED_TABLE_NAME IS NOT NULL;

sql: 2022-03-15 09:53:10 INFO  Executing (default): ALTER TABLE `Class` CHANGE `createdAt` `createdAt` DATETIME NOT NULL;

sql: 2022-03-15 09:53:12 INFO  Executing (default): ALTER TABLE `Class` CHANGE `updatedAt` `updatedAt` DATETIME NOT NULL;

sql: 2022-03-15 09:53:13 INFO  Executing (default): ALTER TABLE `Class` CHANGE `deletedAt` `deletedAt` DATETIME;

sql: 2022-03-15 09:53:14 INFO  Executing (default): ALTER TABLE `Class` CHANGE `name` `name` VARCHAR(255) NOT NULL;

sql: 2022-03-15 09:53:15 INFO  Executing (default): ALTER TABLE `Class` CHANGE `startDate` `startDate` DATETIME NOT NULL;

sql: 2022-03-15 09:53:16 INFO  Executing (default): SHOW INDEX FROM `Class`

sql: 2022-03-15 09:53:16 INFO  Executing (default): CREATE TABLE IF NOT EXISTS `Student` (`id` INTEGER NOT NULL auto_increment , `name` VARCHAR(255) NOT NULL, `birthDay` DATETIME NOT NULL, `sex` TINYINT(1) NOT NULL, `phone` VARCHAR(255) NOT NULL, `createdAt` DATETIME NOT NULL, `updatedAt` DATETIME NOT NULL, `deletedAt` DATETIME, `ClassId` INTEGER, PRIMARY KEY (`id`), FOREIGN KEY (`ClassId`) REFERENCES `Class` (`id`) ON DELETE SET NULL ON UPDATE CASCADE) ENGINE=InnoDB;

sql: 2022-03-15 09:53:16 INFO  Executing (default): SHOW FULL COLUMNS FROM `Student`;

sql: 2022-03-15 09:53:16 INFO  Executing (default): SELECT CONSTRAINT_NAME as constraint_name,CONSTRAINT_NAME as constraintName,CONSTRAINT_SCHEMA as constraintSchema,CONSTRAINT_SCHEMA as constraintCatalog,TABLE_NAME as tableName,TABLE_SCHEMA as tableSchema,TABLE_SCHEMA as tableCatalog,COLUMN_NAME as columnName,REFERENCED_TABLE_SCHEMA as referencedTableSchema,REFERENCED_TABLE_SCHEMA as referencedTableCatalog,REFERENCED_TABLE_NAME as referencedTableName,REFERENCED_COLUMN_NAME as referencedColumnName FROM INFORMATION_SCHEMA.KEY_COLUMN_USAGE where TABLE_NAME = 'Student' AND CONSTRAINT_NAME!='PRIMARY' AND CONSTRAINT_SCHEMA='my_school_db' AND REFERENCED_TABLE_NAME IS NOT NULL;

sql: 2022-03-15 09:53:16 INFO  Executing (default): ALTER TABLE `Student` CHANGE `name` `name` VARCHAR(255) NOT NULL;

sql: 2022-03-15 09:53:16 INFO  Executing (default): ALTER TABLE `Student` CHANGE `birthDay` `birthDay` DATETIME NOT NULL;

sql: 2022-03-15 09:53:16 INFO  Executing (default): ALTER TABLE `Student` CHANGE `sex` `sex` TINYINT(1) NOT NULL;

sql: 2022-03-15 09:53:17 INFO  Executing (default): ALTER TABLE `Student` CHANGE `phone` `phone` VARCHAR(255) NOT NULL;

sql: 2022-03-15 09:53:17 INFO  Executing (default): ALTER TABLE `Student` CHANGE `createdAt` `createdAt` DATETIME NOT NULL;

sql: 2022-03-15 09:53:17 INFO  Executing (default): ALTER TABLE `Student` CHANGE `updatedAt` `updatedAt` DATETIME NOT NULL;

sql: 2022-03-15 09:53:17 INFO  Executing (default): ALTER TABLE `Student` CHANGE `deletedAt` `deletedAt` DATETIME;

sql: 2022-03-15 09:53:17 INFO  Executing (default): ALTER TABLE `Student` ADD FOREIGN KEY (`ClassId`) REFERENCES `Class` (`id`) ON DELETE SET NULL ON UPDATE CASCADE;

sql: 2022-03-15 09:53:19 INFO  Executing (default): SHOW INDEX FROM `Student`

sql: 2022-03-15 09:53:19 INFO  Executing (default): CREATE TABLE IF NOT EXISTS `Admin` (`id` INTEGER NOT NULL auto_increment , `loginId` VARCHAR(255) NOT NULL, `loginPwd` VARCHAR(255) NOT NULL, `name` VARCHAR(255) NOT NULL, `deletedAt` DATETIME, PRIMARY KEY (`id`)) ENGINE=InnoDB;

sql: 2022-03-15 09:53:19 INFO  Executing (default): SHOW FULL COLUMNS FROM `Admin`;

sql: 2022-03-15 09:53:19 INFO  Executing (default): SELECT CONSTRAINT_NAME as constraint_name,CONSTRAINT_NAME as constraintName,CONSTRAINT_SCHEMA as constraintSchema,CONSTRAINT_SCHEMA as constraintCatalog,TABLE_NAME as tableName,TABLE_SCHEMA as tableSchema,TABLE_SCHEMA as tableCatalog,COLUMN_NAME as columnName,REFERENCED_TABLE_SCHEMA as referencedTableSchema,REFERENCED_TABLE_SCHEMA as referencedTableCatalog,REFERENCED_TABLE_NAME as referencedTableName,REFERENCED_COLUMN_NAME as referencedColumnName FROM INFORMATION_SCHEMA.KEY_COLUMN_USAGE where TABLE_NAME = 'Admin' AND CONSTRAINT_NAME!='PRIMARY' AND CONSTRAINT_SCHEMA='my_school_db' AND REFERENCED_TABLE_NAME IS NOT NULL;

sql: 2022-03-15 09:53:20 INFO  Executing (default): ALTER TABLE `Admin` CHANGE `loginId` `loginId` VARCHAR(255) NOT NULL;

sql: 2022-03-15 09:53:20 INFO  Executing (default): ALTER TABLE `Admin` CHANGE `loginPwd` `loginPwd` VARCHAR(255) NOT NULL;

sql: 2022-03-15 09:53:20 INFO  Executing (default): ALTER TABLE `Admin` CHANGE `name` `name` VARCHAR(255) NOT NULL;

sql: 2022-03-15 09:53:20 INFO  Executing (default): ALTER TABLE `Admin` CHANGE `deletedAt` `deletedAt` DATETIME;

sql: 2022-03-15 09:53:20 INFO  Executing (default): SHOW INDEX FROM `Admin`

sql: 2022-03-15 09:53:20 INFO  Executing (default): CREATE TABLE IF NOT EXISTS `Book` (`id` INTEGER NOT NULL auto_increment , `name` VARCHAR(255) NOT NULL, `imgUrl` VARCHAR(255), `publishDate` VARCHAR(255) NOT NULL, `author` VARCHAR(255) NOT NULL, `createdAt` DATETIME NOT NULL, `updatedAt` DATETIME NOT NULL, `deletedAt` DATETIME, PRIMARY KEY (`id`)) ENGINE=InnoDB;

sql: 2022-03-15 09:53:20 INFO  Executing (default): SHOW FULL COLUMNS FROM `Book`;

sql: 2022-03-15 09:53:20 INFO  Executing (default): SELECT CONSTRAINT_NAME as constraint_name,CONSTRAINT_NAME as constraintName,CONSTRAINT_SCHEMA as constraintSchema,CONSTRAINT_SCHEMA as constraintCatalog,TABLE_NAME as tableName,TABLE_SCHEMA as tableSchema,TABLE_SCHEMA as tableCatalog,COLUMN_NAME as columnName,REFERENCED_TABLE_SCHEMA as referencedTableSchema,REFERENCED_TABLE_SCHEMA as referencedTableCatalog,REFERENCED_TABLE_NAME as referencedTableName,REFERENCED_COLUMN_NAME as referencedColumnName FROM INFORMATION_SCHEMA.KEY_COLUMN_USAGE where TABLE_NAME = 'Book' AND CONSTRAINT_NAME!='PRIMARY' AND CONSTRAINT_SCHEMA='my_school_db' AND REFERENCED_TABLE_NAME IS NOT NULL;

sql: 2022-03-15 09:53:20 INFO  Executing (default): ALTER TABLE `Book` CHANGE `name` `name` VARCHAR(255) NOT NULL;

sql: 2022-03-15 09:53:20 INFO  Executing (default): ALTER TABLE `Book` CHANGE `imgUrl` `imgUrl` VARCHAR(255);

sql: 2022-03-15 09:53:21 INFO  Executing (default): ALTER TABLE `Book` CHANGE `publishDate` `publishDate` VARCHAR(255) NOT NULL;

sql: 2022-03-15 09:53:21 INFO  Executing (default): ALTER TABLE `Book` CHANGE `author` `author` VARCHAR(255) NOT NULL;

sql: 2022-03-15 09:53:21 INFO  Executing (default): ALTER TABLE `Book` CHANGE `createdAt` `createdAt` DATETIME NOT NULL;

sql: 2022-03-15 09:53:22 INFO  Executing (default): ALTER TABLE `Book` CHANGE `updatedAt` `updatedAt` DATETIME NOT NULL;

sql: 2022-03-15 09:53:22 INFO  Executing (default): ALTER TABLE `Book` CHANGE `deletedAt` `deletedAt` DATETIME;

sql: 2022-03-15 09:53:22 INFO  Executing (default): SHOW INDEX FROM `Book`

sql: 2022-03-15 09:53:26 INFO  Executing (default): SELECT `id`, `loginId`, `loginPwd`, `name`, `deletedAt` FROM `Admin` AS `Admin` WHERE (`Admin`.`deletedAt` IS NULL AND (`Admin`.`loginId` = 'xyq' AND `Admin`.`loginPwd` = '202cb962ac59075b964b07152d234b70')) LIMIT 1;

sql: 2022-03-15 09:55:50 INFO  Executing (default): SELECT `id`, `loginId`, `loginPwd`, `name`, `deletedAt` FROM `Admin` AS `Admin` WHERE (`Admin`.`deletedAt` IS NULL AND (`Admin`.`loginId` = 'xyq' AND `Admin`.`loginPwd` = '202cb962ac59075b964b07152d234b70')) LIMIT 1;

sql: 2022-03-15 09:56:25 INFO  Executing (default): SELECT `id`, `loginId`, `loginPwd`, `name`, `deletedAt` FROM `Admin` AS `Admin` WHERE (`Admin`.`deletedAt` IS NULL);

sql: 2022-03-15 10:00:27 INFO  Executing (default): CREATE TABLE IF NOT EXISTS `Class` (`id` INTEGER NOT NULL auto_increment , `name` VARCHAR(255) NOT NULL, `startDate` DATETIME NOT NULL, `createdAt` DATETIME NOT NULL, `updatedAt` DATETIME NOT NULL, `deletedAt` DATETIME, PRIMARY KEY (`id`)) ENGINE=InnoDB;

sql: 2022-03-15 10:00:27 INFO  Executing (default): SHOW FULL COLUMNS FROM `Class`;

sql: 2022-03-15 10:00:27 INFO  Executing (default): SELECT CONSTRAINT_NAME as constraint_name,CONSTRAINT_NAME as constraintName,CONSTRAINT_SCHEMA as constraintSchema,CONSTRAINT_SCHEMA as constraintCatalog,TABLE_NAME as tableName,TABLE_SCHEMA as tableSchema,TABLE_SCHEMA as tableCatalog,COLUMN_NAME as columnName,REFERENCED_TABLE_SCHEMA as referencedTableSchema,REFERENCED_TABLE_SCHEMA as referencedTableCatalog,REFERENCED_TABLE_NAME as referencedTableName,REFERENCED_COLUMN_NAME as referencedColumnName FROM INFORMATION_SCHEMA.KEY_COLUMN_USAGE where TABLE_NAME = 'Class' AND CONSTRAINT_NAME!='PRIMARY' AND CONSTRAINT_SCHEMA='my_school_db' AND REFERENCED_TABLE_NAME IS NOT NULL;

sql: 2022-03-15 10:00:28 INFO  Executing (default): ALTER TABLE `Class` CHANGE `createdAt` `createdAt` DATETIME NOT NULL;

sql: 2022-03-15 10:00:29 INFO  Executing (default): ALTER TABLE `Class` CHANGE `updatedAt` `updatedAt` DATETIME NOT NULL;

sql: 2022-03-15 10:00:30 INFO  Executing (default): ALTER TABLE `Class` CHANGE `deletedAt` `deletedAt` DATETIME;

sql: 2022-03-15 10:00:31 INFO  Executing (default): ALTER TABLE `Class` CHANGE `name` `name` VARCHAR(255) NOT NULL;

sql: 2022-03-15 10:00:31 INFO  Executing (default): ALTER TABLE `Class` CHANGE `startDate` `startDate` DATETIME NOT NULL;

sql: 2022-03-15 10:00:32 INFO  Executing (default): SHOW INDEX FROM `Class`

sql: 2022-03-15 10:00:32 INFO  Executing (default): CREATE TABLE IF NOT EXISTS `Student` (`id` INTEGER NOT NULL auto_increment , `name` VARCHAR(255) NOT NULL, `birthDay` DATETIME NOT NULL, `sex` TINYINT(1) NOT NULL, `phone` VARCHAR(255) NOT NULL, `createdAt` DATETIME NOT NULL, `updatedAt` DATETIME NOT NULL, `deletedAt` DATETIME, `ClassId` INTEGER, PRIMARY KEY (`id`), FOREIGN KEY (`ClassId`) REFERENCES `Class` (`id`) ON DELETE SET NULL ON UPDATE CASCADE) ENGINE=InnoDB;

sql: 2022-03-15 10:00:33 INFO  Executing (default): SHOW FULL COLUMNS FROM `Student`;

sql: 2022-03-15 10:00:33 INFO  Executing (default): SELECT CONSTRAINT_NAME as constraint_name,CONSTRAINT_NAME as constraintName,CONSTRAINT_SCHEMA as constraintSchema,CONSTRAINT_SCHEMA as constraintCatalog,TABLE_NAME as tableName,TABLE_SCHEMA as tableSchema,TABLE_SCHEMA as tableCatalog,COLUMN_NAME as columnName,REFERENCED_TABLE_SCHEMA as referencedTableSchema,REFERENCED_TABLE_SCHEMA as referencedTableCatalog,REFERENCED_TABLE_NAME as referencedTableName,REFERENCED_COLUMN_NAME as referencedColumnName FROM INFORMATION_SCHEMA.KEY_COLUMN_USAGE where TABLE_NAME = 'Student' AND CONSTRAINT_NAME!='PRIMARY' AND CONSTRAINT_SCHEMA='my_school_db' AND REFERENCED_TABLE_NAME IS NOT NULL;

sql: 2022-03-15 10:00:33 INFO  Executing (default): ALTER TABLE `Student` CHANGE `name` `name` VARCHAR(255) NOT NULL;

sql: 2022-03-15 10:00:33 INFO  Executing (default): ALTER TABLE `Student` CHANGE `birthDay` `birthDay` DATETIME NOT NULL;

sql: 2022-03-15 10:00:33 INFO  Executing (default): ALTER TABLE `Student` CHANGE `sex` `sex` TINYINT(1) NOT NULL;

sql: 2022-03-15 10:00:34 INFO  Executing (default): ALTER TABLE `Student` CHANGE `phone` `phone` VARCHAR(255) NOT NULL;

sql: 2022-03-15 10:00:34 INFO  Executing (default): ALTER TABLE `Student` CHANGE `createdAt` `createdAt` DATETIME NOT NULL;

sql: 2022-03-15 10:00:34 INFO  Executing (default): ALTER TABLE `Student` CHANGE `updatedAt` `updatedAt` DATETIME NOT NULL;

sql: 2022-03-15 10:00:35 INFO  Executing (default): ALTER TABLE `Student` CHANGE `deletedAt` `deletedAt` DATETIME;

sql: 2022-03-15 10:00:35 INFO  Executing (default): ALTER TABLE `Student` ADD FOREIGN KEY (`ClassId`) REFERENCES `Class` (`id`) ON DELETE SET NULL ON UPDATE CASCADE;

sql: 2022-03-15 10:00:37 INFO  Executing (default): SHOW INDEX FROM `Student`

sql: 2022-03-15 10:00:37 INFO  Executing (default): CREATE TABLE IF NOT EXISTS `Admin` (`id` INTEGER NOT NULL auto_increment , `loginId` VARCHAR(255) NOT NULL, `loginPwd` VARCHAR(255) NOT NULL, `name` VARCHAR(255) NOT NULL, `deletedAt` DATETIME, PRIMARY KEY (`id`)) ENGINE=InnoDB;

sql: 2022-03-15 10:00:37 INFO  Executing (default): SHOW FULL COLUMNS FROM `Admin`;

sql: 2022-03-15 10:00:37 INFO  Executing (default): SELECT CONSTRAINT_NAME as constraint_name,CONSTRAINT_NAME as constraintName,CONSTRAINT_SCHEMA as constraintSchema,CONSTRAINT_SCHEMA as constraintCatalog,TABLE_NAME as tableName,TABLE_SCHEMA as tableSchema,TABLE_SCHEMA as tableCatalog,COLUMN_NAME as columnName,REFERENCED_TABLE_SCHEMA as referencedTableSchema,REFERENCED_TABLE_SCHEMA as referencedTableCatalog,REFERENCED_TABLE_NAME as referencedTableName,REFERENCED_COLUMN_NAME as referencedColumnName FROM INFORMATION_SCHEMA.KEY_COLUMN_USAGE where TABLE_NAME = 'Admin' AND CONSTRAINT_NAME!='PRIMARY' AND CONSTRAINT_SCHEMA='my_school_db' AND REFERENCED_TABLE_NAME IS NOT NULL;

sql: 2022-03-15 10:00:37 INFO  Executing (default): ALTER TABLE `Admin` CHANGE `loginId` `loginId` VARCHAR(255) NOT NULL;

sql: 2022-03-15 10:00:37 INFO  Executing (default): ALTER TABLE `Admin` CHANGE `loginPwd` `loginPwd` VARCHAR(255) NOT NULL;

sql: 2022-03-15 10:00:38 INFO  Executing (default): ALTER TABLE `Admin` CHANGE `name` `name` VARCHAR(255) NOT NULL;

sql: 2022-03-15 10:00:38 INFO  Executing (default): ALTER TABLE `Admin` CHANGE `deletedAt` `deletedAt` DATETIME;

sql: 2022-03-15 10:00:38 INFO  Executing (default): SHOW INDEX FROM `Admin`

sql: 2022-03-15 10:00:38 INFO  Executing (default): CREATE TABLE IF NOT EXISTS `Book` (`id` INTEGER NOT NULL auto_increment , `name` VARCHAR(255) NOT NULL, `imgUrl` VARCHAR(255), `publishDate` VARCHAR(255) NOT NULL, `author` VARCHAR(255) NOT NULL, `createdAt` DATETIME NOT NULL, `updatedAt` DATETIME NOT NULL, `deletedAt` DATETIME, PRIMARY KEY (`id`)) ENGINE=InnoDB;

sql: 2022-03-15 10:00:38 INFO  Executing (default): SHOW FULL COLUMNS FROM `Book`;

sql: 2022-03-15 10:00:38 INFO  Executing (default): SELECT CONSTRAINT_NAME as constraint_name,CONSTRAINT_NAME as constraintName,CONSTRAINT_SCHEMA as constraintSchema,CONSTRAINT_SCHEMA as constraintCatalog,TABLE_NAME as tableName,TABLE_SCHEMA as tableSchema,TABLE_SCHEMA as tableCatalog,COLUMN_NAME as columnName,REFERENCED_TABLE_SCHEMA as referencedTableSchema,REFERENCED_TABLE_SCHEMA as referencedTableCatalog,REFERENCED_TABLE_NAME as referencedTableName,REFERENCED_COLUMN_NAME as referencedColumnName FROM INFORMATION_SCHEMA.KEY_COLUMN_USAGE where TABLE_NAME = 'Book' AND CONSTRAINT_NAME!='PRIMARY' AND CONSTRAINT_SCHEMA='my_school_db' AND REFERENCED_TABLE_NAME IS NOT NULL;

sql: 2022-03-15 10:00:38 INFO  Executing (default): ALTER TABLE `Book` CHANGE `name` `name` VARCHAR(255) NOT NULL;

sql: 2022-03-15 10:00:38 INFO  Executing (default): ALTER TABLE `Book` CHANGE `imgUrl` `imgUrl` VARCHAR(255);

sql: 2022-03-15 10:00:39 INFO  Executing (default): ALTER TABLE `Book` CHANGE `publishDate` `publishDate` VARCHAR(255) NOT NULL;

sql: 2022-03-15 10:00:39 INFO  Executing (default): ALTER TABLE `Book` CHANGE `author` `author` VARCHAR(255) NOT NULL;

sql: 2022-03-15 10:00:39 INFO  Executing (default): ALTER TABLE `Book` CHANGE `createdAt` `createdAt` DATETIME NOT NULL;

sql: 2022-03-15 10:00:39 INFO  Executing (default): ALTER TABLE `Book` CHANGE `updatedAt` `updatedAt` DATETIME NOT NULL;

sql: 2022-03-15 10:00:39 INFO  Executing (default): ALTER TABLE `Book` CHANGE `deletedAt` `deletedAt` DATETIME;

sql: 2022-03-15 10:00:40 INFO  Executing (default): SHOW INDEX FROM `Book`

sql: 2022-03-15 12:13:20 INFO  Executing (default): SELECT `id`, `loginId`, `loginPwd`, `name`, `deletedAt` FROM `Admin` AS `Admin` WHERE (`Admin`.`deletedAt` IS NULL AND (`Admin`.`loginId` = 'xyq' AND `Admin`.`loginPwd` = '202cb962ac59075b964b07152d234b70')) LIMIT 1;

sql: 2022-03-15 12:13:24 INFO  Executing (default): SELECT `id`, `loginId`, `loginPwd`, `name`, `deletedAt` FROM `Admin` AS `Admin` WHERE (`Admin`.`deletedAt` IS NULL AND (`Admin`.`loginId` = 'xyq' AND `Admin`.`loginPwd` = '202cb962ac59075b964b07152d234b70')) LIMIT 1;

sql: 2022-03-15 12:18:35 INFO  Executing (default): SELECT `id`, `loginId`, `loginPwd`, `name`, `deletedAt` FROM `Admin` AS `Admin` WHERE (`Admin`.`deletedAt` IS NULL AND (`Admin`.`loginId` = 'xyq' AND `Admin`.`loginPwd` = '202cb962ac59075b964b07152d234b70')) LIMIT 1;

sql: 2022-03-15 12:19:48 INFO  Executing (default): SELECT `id`, `loginId`, `loginPwd`, `name`, `deletedAt` FROM `Admin` AS `Admin` WHERE (`Admin`.`deletedAt` IS NULL AND (`Admin`.`loginId` = 'xyq' AND `Admin`.`loginPwd` = '202cb962ac59075b964b07152d234b70')) LIMIT 1;

sql: 2022-03-15 12:20:43 INFO  Executing (default): SELECT `id`, `loginId`, `loginPwd`, `name`, `deletedAt` FROM `Admin` AS `Admin` WHERE (`Admin`.`deletedAt` IS NULL AND `Admin`.`id` = 9);

sql: 2022-03-15 12:21:09 INFO  Executing (default): SELECT `id`, `loginId`, `loginPwd`, `name`, `deletedAt` FROM `Admin` AS `Admin` WHERE (`Admin`.`deletedAt` IS NULL AND `Admin`.`id` = 9);

sql: 2022-03-15 12:22:12 INFO  Executing (default): SELECT `id`, `loginId`, `loginPwd`, `name`, `deletedAt` FROM `Admin` AS `Admin` WHERE (`Admin`.`deletedAt` IS NULL AND `Admin`.`id` = 9);

sql: 2022-03-15 12:22:35 INFO  Executing (default): SELECT `id`, `loginId`, `loginPwd`, `name`, `deletedAt` FROM `Admin` AS `Admin` WHERE (`Admin`.`deletedAt` IS NULL AND `Admin`.`id` = 9);

sql: 2022-03-15 12:23:02 INFO  Executing (default): SELECT `id`, `loginId`, `loginPwd`, `name`, `deletedAt` FROM `Admin` AS `Admin` WHERE (`Admin`.`deletedAt` IS NULL AND `Admin`.`id` = 9);

sql: 2022-03-15 12:24:43 INFO  Executing (default): CREATE TABLE IF NOT EXISTS `Class` (`id` INTEGER NOT NULL auto_increment , `name` VARCHAR(255) NOT NULL, `startDate` DATETIME NOT NULL, `createdAt` DATETIME NOT NULL, `updatedAt` DATETIME NOT NULL, `deletedAt` DATETIME, PRIMARY KEY (`id`)) ENGINE=InnoDB;

sql: 2022-03-15 12:24:43 INFO  Executing (default): SHOW FULL COLUMNS FROM `Class`;

sql: 2022-03-15 12:24:43 INFO  Executing (default): SELECT CONSTRAINT_NAME as constraint_name,CONSTRAINT_NAME as constraintName,CONSTRAINT_SCHEMA as constraintSchema,CONSTRAINT_SCHEMA as constraintCatalog,TABLE_NAME as tableName,TABLE_SCHEMA as tableSchema,TABLE_SCHEMA as tableCatalog,COLUMN_NAME as columnName,REFERENCED_TABLE_SCHEMA as referencedTableSchema,REFERENCED_TABLE_SCHEMA as referencedTableCatalog,REFERENCED_TABLE_NAME as referencedTableName,REFERENCED_COLUMN_NAME as referencedColumnName FROM INFORMATION_SCHEMA.KEY_COLUMN_USAGE where TABLE_NAME = 'Class' AND CONSTRAINT_NAME!='PRIMARY' AND CONSTRAINT_SCHEMA='my_school_db' AND REFERENCED_TABLE_NAME IS NOT NULL;

sql: 2022-03-15 12:24:43 INFO  Executing (default): ALTER TABLE `Class` CHANGE `createdAt` `createdAt` DATETIME NOT NULL;

sql: 2022-03-15 12:24:45 INFO  Executing (default): ALTER TABLE `Class` CHANGE `updatedAt` `updatedAt` DATETIME NOT NULL;

sql: 2022-03-15 12:24:46 INFO  Executing (default): ALTER TABLE `Class` CHANGE `deletedAt` `deletedAt` DATETIME;

sql: 2022-03-15 12:24:48 INFO  Executing (default): ALTER TABLE `Class` CHANGE `name` `name` VARCHAR(255) NOT NULL;

sql: 2022-03-15 12:24:49 INFO  Executing (default): ALTER TABLE `Class` CHANGE `startDate` `startDate` DATETIME NOT NULL;

sql: 2022-03-15 12:24:50 INFO  Executing (default): SHOW INDEX FROM `Class`

sql: 2022-03-15 12:24:50 INFO  Executing (default): CREATE TABLE IF NOT EXISTS `Student` (`id` INTEGER NOT NULL auto_increment , `name` VARCHAR(255) NOT NULL, `birthDay` DATETIME NOT NULL, `sex` TINYINT(1) NOT NULL, `phone` VARCHAR(255) NOT NULL, `createdAt` DATETIME NOT NULL, `updatedAt` DATETIME NOT NULL, `deletedAt` DATETIME, `ClassId` INTEGER, PRIMARY KEY (`id`), FOREIGN KEY (`ClassId`) REFERENCES `Class` (`id`) ON DELETE SET NULL ON UPDATE CASCADE) ENGINE=InnoDB;

sql: 2022-03-15 12:24:50 INFO  Executing (default): SHOW FULL COLUMNS FROM `Student`;

sql: 2022-03-15 12:24:50 INFO  Executing (default): SELECT CONSTRAINT_NAME as constraint_name,CONSTRAINT_NAME as constraintName,CONSTRAINT_SCHEMA as constraintSchema,CONSTRAINT_SCHEMA as constraintCatalog,TABLE_NAME as tableName,TABLE_SCHEMA as tableSchema,TABLE_SCHEMA as tableCatalog,COLUMN_NAME as columnName,REFERENCED_TABLE_SCHEMA as referencedTableSchema,REFERENCED_TABLE_SCHEMA as referencedTableCatalog,REFERENCED_TABLE_NAME as referencedTableName,REFERENCED_COLUMN_NAME as referencedColumnName FROM INFORMATION_SCHEMA.KEY_COLUMN_USAGE where TABLE_NAME = 'Student' AND CONSTRAINT_NAME!='PRIMARY' AND CONSTRAINT_SCHEMA='my_school_db' AND REFERENCED_TABLE_NAME IS NOT NULL;

sql: 2022-03-15 12:24:50 INFO  Executing (default): ALTER TABLE `Student` CHANGE `name` `name` VARCHAR(255) NOT NULL;

sql: 2022-03-15 12:24:50 INFO  Executing (default): ALTER TABLE `Student` CHANGE `birthDay` `birthDay` DATETIME NOT NULL;

sql: 2022-03-15 12:24:51 INFO  Executing (default): ALTER TABLE `Student` CHANGE `sex` `sex` TINYINT(1) NOT NULL;

sql: 2022-03-15 12:24:51 INFO  Executing (default): ALTER TABLE `Student` CHANGE `phone` `phone` VARCHAR(255) NOT NULL;

sql: 2022-03-15 12:24:51 INFO  Executing (default): ALTER TABLE `Student` CHANGE `createdAt` `createdAt` DATETIME NOT NULL;

sql: 2022-03-15 12:24:51 INFO  Executing (default): ALTER TABLE `Student` CHANGE `updatedAt` `updatedAt` DATETIME NOT NULL;

sql: 2022-03-15 12:24:51 INFO  Executing (default): ALTER TABLE `Student` CHANGE `deletedAt` `deletedAt` DATETIME;

sql: 2022-03-15 12:24:52 INFO  Executing (default): ALTER TABLE `Student` ADD FOREIGN KEY (`ClassId`) REFERENCES `Class` (`id`) ON DELETE SET NULL ON UPDATE CASCADE;

sql: 2022-03-15 12:24:54 INFO  Executing (default): SHOW INDEX FROM `Student`

sql: 2022-03-15 12:24:54 INFO  Executing (default): CREATE TABLE IF NOT EXISTS `Admin` (`id` INTEGER NOT NULL auto_increment , `loginId` VARCHAR(255) NOT NULL, `loginPwd` VARCHAR(255) NOT NULL, `name` VARCHAR(255) NOT NULL, `deletedAt` DATETIME, PRIMARY KEY (`id`)) ENGINE=InnoDB;

sql: 2022-03-15 12:24:54 INFO  Executing (default): SHOW FULL COLUMNS FROM `Admin`;

sql: 2022-03-15 12:24:54 INFO  Executing (default): SELECT CONSTRAINT_NAME as constraint_name,CONSTRAINT_NAME as constraintName,CONSTRAINT_SCHEMA as constraintSchema,CONSTRAINT_SCHEMA as constraintCatalog,TABLE_NAME as tableName,TABLE_SCHEMA as tableSchema,TABLE_SCHEMA as tableCatalog,COLUMN_NAME as columnName,REFERENCED_TABLE_SCHEMA as referencedTableSchema,REFERENCED_TABLE_SCHEMA as referencedTableCatalog,REFERENCED_TABLE_NAME as referencedTableName,REFERENCED_COLUMN_NAME as referencedColumnName FROM INFORMATION_SCHEMA.KEY_COLUMN_USAGE where TABLE_NAME = 'Admin' AND CONSTRAINT_NAME!='PRIMARY' AND CONSTRAINT_SCHEMA='my_school_db' AND REFERENCED_TABLE_NAME IS NOT NULL;

sql: 2022-03-15 12:24:54 INFO  Executing (default): ALTER TABLE `Admin` CHANGE `loginId` `loginId` VARCHAR(255) NOT NULL;

sql: 2022-03-15 12:24:54 INFO  Executing (default): ALTER TABLE `Admin` CHANGE `loginPwd` `loginPwd` VARCHAR(255) NOT NULL;

sql: 2022-03-15 12:24:55 INFO  Executing (default): ALTER TABLE `Admin` CHANGE `name` `name` VARCHAR(255) NOT NULL;

sql: 2022-03-15 12:24:55 INFO  Executing (default): ALTER TABLE `Admin` CHANGE `deletedAt` `deletedAt` DATETIME;

sql: 2022-03-15 12:24:55 INFO  Executing (default): SHOW INDEX FROM `Admin`

sql: 2022-03-15 12:24:55 INFO  Executing (default): CREATE TABLE IF NOT EXISTS `Book` (`id` INTEGER NOT NULL auto_increment , `name` VARCHAR(255) NOT NULL, `imgUrl` VARCHAR(255), `publishDate` VARCHAR(255) NOT NULL, `author` VARCHAR(255) NOT NULL, `createdAt` DATETIME NOT NULL, `updatedAt` DATETIME NOT NULL, `deletedAt` DATETIME, PRIMARY KEY (`id`)) ENGINE=InnoDB;

sql: 2022-03-15 12:24:55 INFO  Executing (default): SHOW FULL COLUMNS FROM `Book`;

sql: 2022-03-15 12:24:55 INFO  Executing (default): SELECT CONSTRAINT_NAME as constraint_name,CONSTRAINT_NAME as constraintName,CONSTRAINT_SCHEMA as constraintSchema,CONSTRAINT_SCHEMA as constraintCatalog,TABLE_NAME as tableName,TABLE_SCHEMA as tableSchema,TABLE_SCHEMA as tableCatalog,COLUMN_NAME as columnName,REFERENCED_TABLE_SCHEMA as referencedTableSchema,REFERENCED_TABLE_SCHEMA as referencedTableCatalog,REFERENCED_TABLE_NAME as referencedTableName,REFERENCED_COLUMN_NAME as referencedColumnName FROM INFORMATION_SCHEMA.KEY_COLUMN_USAGE where TABLE_NAME = 'Book' AND CONSTRAINT_NAME!='PRIMARY' AND CONSTRAINT_SCHEMA='my_school_db' AND REFERENCED_TABLE_NAME IS NOT NULL;

sql: 2022-03-15 12:24:55 INFO  Executing (default): ALTER TABLE `Book` CHANGE `name` `name` VARCHAR(255) NOT NULL;

sql: 2022-03-15 12:24:55 INFO  Executing (default): ALTER TABLE `Book` CHANGE `imgUrl` `imgUrl` VARCHAR(255);

sql: 2022-03-15 12:24:55 INFO  Executing (default): ALTER TABLE `Book` CHANGE `publishDate` `publishDate` VARCHAR(255) NOT NULL;

sql: 2022-03-15 12:24:56 INFO  Executing (default): ALTER TABLE `Book` CHANGE `author` `author` VARCHAR(255) NOT NULL;

sql: 2022-03-15 12:24:56 INFO  Executing (default): ALTER TABLE `Book` CHANGE `createdAt` `createdAt` DATETIME NOT NULL;

sql: 2022-03-15 12:24:57 INFO  Executing (default): ALTER TABLE `Book` CHANGE `updatedAt` `updatedAt` DATETIME NOT NULL;

sql: 2022-03-15 12:24:58 INFO  Executing (default): ALTER TABLE `Book` CHANGE `deletedAt` `deletedAt` DATETIME;

sql: 2022-03-15 12:24:58 INFO  Executing (default): SHOW INDEX FROM `Book`

sql: 2022-03-15 12:26:50 INFO  Executing (default): CREATE TABLE IF NOT EXISTS `Class` (`id` INTEGER NOT NULL auto_increment , `name` VARCHAR(255) NOT NULL, `startDate` DATETIME NOT NULL, `createdAt` DATETIME NOT NULL, `updatedAt` DATETIME NOT NULL, `deletedAt` DATETIME, PRIMARY KEY (`id`)) ENGINE=InnoDB;

sql: 2022-03-15 12:26:51 INFO  Executing (default): SHOW FULL COLUMNS FROM `Class`;

sql: 2022-03-15 12:26:51 INFO  Executing (default): SELECT CONSTRAINT_NAME as constraint_name,CONSTRAINT_NAME as constraintName,CONSTRAINT_SCHEMA as constraintSchema,CONSTRAINT_SCHEMA as constraintCatalog,TABLE_NAME as tableName,TABLE_SCHEMA as tableSchema,TABLE_SCHEMA as tableCatalog,COLUMN_NAME as columnName,REFERENCED_TABLE_SCHEMA as referencedTableSchema,REFERENCED_TABLE_SCHEMA as referencedTableCatalog,REFERENCED_TABLE_NAME as referencedTableName,REFERENCED_COLUMN_NAME as referencedColumnName FROM INFORMATION_SCHEMA.KEY_COLUMN_USAGE where TABLE_NAME = 'Class' AND CONSTRAINT_NAME!='PRIMARY' AND CONSTRAINT_SCHEMA='my_school_db' AND REFERENCED_TABLE_NAME IS NOT NULL;

sql: 2022-03-15 12:26:51 INFO  Executing (default): ALTER TABLE `Class` CHANGE `createdAt` `createdAt` DATETIME NOT NULL;

sql: 2022-03-15 12:26:52 INFO  Executing (default): ALTER TABLE `Class` CHANGE `updatedAt` `updatedAt` DATETIME NOT NULL;

sql: 2022-03-15 12:26:53 INFO  Executing (default): ALTER TABLE `Class` CHANGE `deletedAt` `deletedAt` DATETIME;

sql: 2022-03-15 12:26:55 INFO  Executing (default): ALTER TABLE `Class` CHANGE `name` `name` VARCHAR(255) NOT NULL;

sql: 2022-03-15 12:26:56 INFO  Executing (default): ALTER TABLE `Class` CHANGE `startDate` `startDate` DATETIME NOT NULL;

sql: 2022-03-15 12:26:57 INFO  Executing (default): SHOW INDEX FROM `Class`

sql: 2022-03-15 12:26:57 INFO  Executing (default): CREATE TABLE IF NOT EXISTS `Student` (`id` INTEGER NOT NULL auto_increment , `name` VARCHAR(255) NOT NULL, `birthDay` DATETIME NOT NULL, `sex` TINYINT(1) NOT NULL, `phone` VARCHAR(255) NOT NULL, `createdAt` DATETIME NOT NULL, `updatedAt` DATETIME NOT NULL, `deletedAt` DATETIME, `ClassId` INTEGER, PRIMARY KEY (`id`), FOREIGN KEY (`ClassId`) REFERENCES `Class` (`id`) ON DELETE SET NULL ON UPDATE CASCADE) ENGINE=InnoDB;

sql: 2022-03-15 12:26:57 INFO  Executing (default): SHOW FULL COLUMNS FROM `Student`;

sql: 2022-03-15 12:26:57 INFO  Executing (default): SELECT CONSTRAINT_NAME as constraint_name,CONSTRAINT_NAME as constraintName,CONSTRAINT_SCHEMA as constraintSchema,CONSTRAINT_SCHEMA as constraintCatalog,TABLE_NAME as tableName,TABLE_SCHEMA as tableSchema,TABLE_SCHEMA as tableCatalog,COLUMN_NAME as columnName,REFERENCED_TABLE_SCHEMA as referencedTableSchema,REFERENCED_TABLE_SCHEMA as referencedTableCatalog,REFERENCED_TABLE_NAME as referencedTableName,REFERENCED_COLUMN_NAME as referencedColumnName FROM INFORMATION_SCHEMA.KEY_COLUMN_USAGE where TABLE_NAME = 'Student' AND CONSTRAINT_NAME!='PRIMARY' AND CONSTRAINT_SCHEMA='my_school_db' AND REFERENCED_TABLE_NAME IS NOT NULL;

sql: 2022-03-15 12:26:57 INFO  Executing (default): ALTER TABLE `Student` CHANGE `name` `name` VARCHAR(255) NOT NULL;

sql: 2022-03-15 12:26:57 INFO  Executing (default): ALTER TABLE `Student` CHANGE `birthDay` `birthDay` DATETIME NOT NULL;

sql: 2022-03-15 12:26:58 INFO  Executing (default): ALTER TABLE `Student` CHANGE `sex` `sex` TINYINT(1) NOT NULL;

sql: 2022-03-15 12:26:58 INFO  Executing (default): ALTER TABLE `Student` CHANGE `phone` `phone` VARCHAR(255) NOT NULL;

sql: 2022-03-15 12:26:58 INFO  Executing (default): ALTER TABLE `Student` CHANGE `createdAt` `createdAt` DATETIME NOT NULL;

sql: 2022-03-15 12:26:59 INFO  Executing (default): ALTER TABLE `Student` CHANGE `updatedAt` `updatedAt` DATETIME NOT NULL;

sql: 2022-03-15 12:26:59 INFO  Executing (default): ALTER TABLE `Student` CHANGE `deletedAt` `deletedAt` DATETIME;

sql: 2022-03-15 12:26:59 INFO  Executing (default): ALTER TABLE `Student` ADD FOREIGN KEY (`ClassId`) REFERENCES `Class` (`id`) ON DELETE SET NULL ON UPDATE CASCADE;

sql: 2022-03-15 12:27:01 INFO  Executing (default): SHOW INDEX FROM `Student`

sql: 2022-03-15 12:27:02 INFO  Executing (default): CREATE TABLE IF NOT EXISTS `Admin` (`id` INTEGER NOT NULL auto_increment , `loginId` VARCHAR(255) NOT NULL, `loginPwd` VARCHAR(255) NOT NULL, `name` VARCHAR(255) NOT NULL, `deletedAt` DATETIME, PRIMARY KEY (`id`)) ENGINE=InnoDB;

sql: 2022-03-15 12:27:02 INFO  Executing (default): SHOW FULL COLUMNS FROM `Admin`;

sql: 2022-03-15 12:27:02 INFO  Executing (default): SELECT CONSTRAINT_NAME as constraint_name,CONSTRAINT_NAME as constraintName,CONSTRAINT_SCHEMA as constraintSchema,CONSTRAINT_SCHEMA as constraintCatalog,TABLE_NAME as tableName,TABLE_SCHEMA as tableSchema,TABLE_SCHEMA as tableCatalog,COLUMN_NAME as columnName,REFERENCED_TABLE_SCHEMA as referencedTableSchema,REFERENCED_TABLE_SCHEMA as referencedTableCatalog,REFERENCED_TABLE_NAME as referencedTableName,REFERENCED_COLUMN_NAME as referencedColumnName FROM INFORMATION_SCHEMA.KEY_COLUMN_USAGE where TABLE_NAME = 'Admin' AND CONSTRAINT_NAME!='PRIMARY' AND CONSTRAINT_SCHEMA='my_school_db' AND REFERENCED_TABLE_NAME IS NOT NULL;

sql: 2022-03-15 12:27:02 INFO  Executing (default): ALTER TABLE `Admin` CHANGE `loginId` `loginId` VARCHAR(255) NOT NULL;

sql: 2022-03-15 12:27:02 INFO  Executing (default): ALTER TABLE `Admin` CHANGE `loginPwd` `loginPwd` VARCHAR(255) NOT NULL;

sql: 2022-03-15 12:27:02 INFO  Executing (default): ALTER TABLE `Admin` CHANGE `name` `name` VARCHAR(255) NOT NULL;

sql: 2022-03-15 12:27:02 INFO  Executing (default): ALTER TABLE `Admin` CHANGE `deletedAt` `deletedAt` DATETIME;

sql: 2022-03-15 12:27:02 INFO  Executing (default): SHOW INDEX FROM `Admin`

sql: 2022-03-15 12:27:02 INFO  Executing (default): CREATE TABLE IF NOT EXISTS `Book` (`id` INTEGER NOT NULL auto_increment , `name` VARCHAR(255) NOT NULL, `imgUrl` VARCHAR(255), `publishDate` VARCHAR(255) NOT NULL, `author` VARCHAR(255) NOT NULL, `createdAt` DATETIME NOT NULL, `updatedAt` DATETIME NOT NULL, `deletedAt` DATETIME, PRIMARY KEY (`id`)) ENGINE=InnoDB;

sql: 2022-03-15 12:27:02 INFO  Executing (default): SHOW FULL COLUMNS FROM `Book`;

sql: 2022-03-15 12:27:02 INFO  Executing (default): SELECT CONSTRAINT_NAME as constraint_name,CONSTRAINT_NAME as constraintName,CONSTRAINT_SCHEMA as constraintSchema,CONSTRAINT_SCHEMA as constraintCatalog,TABLE_NAME as tableName,TABLE_SCHEMA as tableSchema,TABLE_SCHEMA as tableCatalog,COLUMN_NAME as columnName,REFERENCED_TABLE_SCHEMA as referencedTableSchema,REFERENCED_TABLE_SCHEMA as referencedTableCatalog,REFERENCED_TABLE_NAME as referencedTableName,REFERENCED_COLUMN_NAME as referencedColumnName FROM INFORMATION_SCHEMA.KEY_COLUMN_USAGE where TABLE_NAME = 'Book' AND CONSTRAINT_NAME!='PRIMARY' AND CONSTRAINT_SCHEMA='my_school_db' AND REFERENCED_TABLE_NAME IS NOT NULL;

sql: 2022-03-15 12:27:02 INFO  Executing (default): ALTER TABLE `Book` CHANGE `name` `name` VARCHAR(255) NOT NULL;

sql: 2022-03-15 12:27:03 INFO  Executing (default): ALTER TABLE `Book` CHANGE `imgUrl` `imgUrl` VARCHAR(255);

sql: 2022-03-15 12:27:03 INFO  Executing (default): ALTER TABLE `Book` CHANGE `publishDate` `publishDate` VARCHAR(255) NOT NULL;

sql: 2022-03-15 12:27:03 INFO  Executing (default): ALTER TABLE `Book` CHANGE `author` `author` VARCHAR(255) NOT NULL;

sql: 2022-03-15 12:27:03 INFO  Executing (default): ALTER TABLE `Book` CHANGE `createdAt` `createdAt` DATETIME NOT NULL;

sql: 2022-03-15 12:27:03 INFO  Executing (default): ALTER TABLE `Book` CHANGE `updatedAt` `updatedAt` DATETIME NOT NULL;

sql: 2022-03-15 12:27:04 INFO  Executing (default): ALTER TABLE `Book` CHANGE `deletedAt` `deletedAt` DATETIME;

sql: 2022-03-15 12:27:05 INFO  Executing (default): SHOW INDEX FROM `Book`

sql: 2022-03-15 12:50:32 INFO  Executing (default): SELECT `id`, `loginId`, `loginPwd`, `name`, `deletedAt` FROM `Admin` AS `Admin` WHERE (`Admin`.`deletedAt` IS NULL AND (`Admin`.`loginId` = 'xyq' AND `Admin`.`loginPwd` = '202cb962ac59075b964b07152d234b70')) LIMIT 1;

sql: 2022-03-15 12:50:40 INFO  Executing (default): SELECT `id`, `loginId`, `loginPwd`, `name`, `deletedAt` FROM `Admin` AS `Admin` WHERE (`Admin`.`deletedAt` IS NULL AND (`Admin`.`loginId` = 'xyq' AND `Admin`.`loginPwd` = '202cb962ac59075b964b07152d234b70')) LIMIT 1;

sql: 2022-03-15 12:50:40 INFO  Executing (default): SELECT `id`, `loginId`, `loginPwd`, `name`, `deletedAt` FROM `Admin` AS `Admin` WHERE (`Admin`.`deletedAt` IS NULL AND `Admin`.`id` = 9);

sql: 2022-03-15 12:53:29 INFO  Executing (default): CREATE TABLE IF NOT EXISTS `Class` (`id` INTEGER NOT NULL auto_increment , `name` VARCHAR(255) NOT NULL, `startDate` DATETIME NOT NULL, `createdAt` DATETIME NOT NULL, `updatedAt` DATETIME NOT NULL, `deletedAt` DATETIME, PRIMARY KEY (`id`)) ENGINE=InnoDB;

sql: 2022-03-15 12:53:30 INFO  Executing (default): SHOW FULL COLUMNS FROM `Class`;

sql: 2022-03-15 12:53:30 INFO  Executing (default): SELECT CONSTRAINT_NAME as constraint_name,CONSTRAINT_NAME as constraintName,CONSTRAINT_SCHEMA as constraintSchema,CONSTRAINT_SCHEMA as constraintCatalog,TABLE_NAME as tableName,TABLE_SCHEMA as tableSchema,TABLE_SCHEMA as tableCatalog,COLUMN_NAME as columnName,REFERENCED_TABLE_SCHEMA as referencedTableSchema,REFERENCED_TABLE_SCHEMA as referencedTableCatalog,REFERENCED_TABLE_NAME as referencedTableName,REFERENCED_COLUMN_NAME as referencedColumnName FROM INFORMATION_SCHEMA.KEY_COLUMN_USAGE where TABLE_NAME = 'Class' AND CONSTRAINT_NAME!='PRIMARY' AND CONSTRAINT_SCHEMA='my_school_db' AND REFERENCED_TABLE_NAME IS NOT NULL;

sql: 2022-03-15 12:53:30 INFO  Executing (default): ALTER TABLE `Class` CHANGE `createdAt` `createdAt` DATETIME NOT NULL;

sql: 2022-03-15 12:53:31 INFO  Executing (default): ALTER TABLE `Class` CHANGE `updatedAt` `updatedAt` DATETIME NOT NULL;

sql: 2022-03-15 12:53:32 INFO  Executing (default): SELECT `id`, `loginId`, `loginPwd`, `name`, `deletedAt` FROM `Admin` AS `Admin` WHERE (`Admin`.`deletedAt` IS NULL AND (`Admin`.`loginId` = 'xyq' AND `Admin`.`loginPwd` = '202cb962ac59075b964b07152d234b70')) LIMIT 1;

sql: 2022-03-15 12:53:32 INFO  Executing (default): SELECT `id`, `loginId`, `loginPwd`, `name`, `deletedAt` FROM `Admin` AS `Admin` WHERE (`Admin`.`deletedAt` IS NULL AND `Admin`.`id` = 9);

sql: 2022-03-15 12:53:32 INFO  Executing (default): ALTER TABLE `Class` CHANGE `deletedAt` `deletedAt` DATETIME;

sql: 2022-03-15 12:53:33 INFO  Executing (default): ALTER TABLE `Class` CHANGE `name` `name` VARCHAR(255) NOT NULL;

sql: 2022-03-15 12:53:34 INFO  Executing (default): ALTER TABLE `Class` CHANGE `startDate` `startDate` DATETIME NOT NULL;

sql: 2022-03-15 12:53:35 INFO  Executing (default): SHOW INDEX FROM `Class`

sql: 2022-03-15 12:53:35 INFO  Executing (default): CREATE TABLE IF NOT EXISTS `Student` (`id` INTEGER NOT NULL auto_increment , `name` VARCHAR(255) NOT NULL, `birthDay` DATETIME NOT NULL, `sex` TINYINT(1) NOT NULL, `phone` VARCHAR(255) NOT NULL, `createdAt` DATETIME NOT NULL, `updatedAt` DATETIME NOT NULL, `deletedAt` DATETIME, `ClassId` INTEGER, PRIMARY KEY (`id`), FOREIGN KEY (`ClassId`) REFERENCES `Class` (`id`) ON DELETE SET NULL ON UPDATE CASCADE) ENGINE=InnoDB;

sql: 2022-03-15 12:53:35 INFO  Executing (default): SHOW FULL COLUMNS FROM `Student`;

sql: 2022-03-15 12:53:35 INFO  Executing (default): SELECT CONSTRAINT_NAME as constraint_name,CONSTRAINT_NAME as constraintName,CONSTRAINT_SCHEMA as constraintSchema,CONSTRAINT_SCHEMA as constraintCatalog,TABLE_NAME as tableName,TABLE_SCHEMA as tableSchema,TABLE_SCHEMA as tableCatalog,COLUMN_NAME as columnName,REFERENCED_TABLE_SCHEMA as referencedTableSchema,REFERENCED_TABLE_SCHEMA as referencedTableCatalog,REFERENCED_TABLE_NAME as referencedTableName,REFERENCED_COLUMN_NAME as referencedColumnName FROM INFORMATION_SCHEMA.KEY_COLUMN_USAGE where TABLE_NAME = 'Student' AND CONSTRAINT_NAME!='PRIMARY' AND CONSTRAINT_SCHEMA='my_school_db' AND REFERENCED_TABLE_NAME IS NOT NULL;

sql: 2022-03-15 12:53:35 INFO  Executing (default): ALTER TABLE `Student` CHANGE `name` `name` VARCHAR(255) NOT NULL;

sql: 2022-03-15 12:53:36 INFO  Executing (default): ALTER TABLE `Student` CHANGE `birthDay` `birthDay` DATETIME NOT NULL;

sql: 2022-03-15 12:53:36 INFO  Executing (default): ALTER TABLE `Student` CHANGE `sex` `sex` TINYINT(1) NOT NULL;

sql: 2022-03-15 12:53:36 INFO  Executing (default): ALTER TABLE `Student` CHANGE `phone` `phone` VARCHAR(255) NOT NULL;

sql: 2022-03-15 12:53:36 INFO  Executing (default): ALTER TABLE `Student` CHANGE `createdAt` `createdAt` DATETIME NOT NULL;

sql: 2022-03-15 12:53:36 INFO  Executing (default): ALTER TABLE `Student` CHANGE `updatedAt` `updatedAt` DATETIME NOT NULL;

sql: 2022-03-15 12:53:37 INFO  Executing (default): ALTER TABLE `Student` CHANGE `deletedAt` `deletedAt` DATETIME;

sql: 2022-03-15 12:53:37 INFO  Executing (default): ALTER TABLE `Student` ADD FOREIGN KEY (`ClassId`) REFERENCES `Class` (`id`) ON DELETE SET NULL ON UPDATE CASCADE;

sql: 2022-03-15 12:53:39 INFO  Executing (default): SHOW INDEX FROM `Student`

sql: 2022-03-15 12:53:39 INFO  Executing (default): CREATE TABLE IF NOT EXISTS `Admin` (`id` INTEGER NOT NULL auto_increment , `loginId` VARCHAR(255) NOT NULL, `loginPwd` VARCHAR(255) NOT NULL, `name` VARCHAR(255) NOT NULL, `deletedAt` DATETIME, PRIMARY KEY (`id`)) ENGINE=InnoDB;

sql: 2022-03-15 12:53:39 INFO  Executing (default): SHOW FULL COLUMNS FROM `Admin`;

sql: 2022-03-15 12:53:39 INFO  Executing (default): SELECT CONSTRAINT_NAME as constraint_name,CONSTRAINT_NAME as constraintName,CONSTRAINT_SCHEMA as constraintSchema,CONSTRAINT_SCHEMA as constraintCatalog,TABLE_NAME as tableName,TABLE_SCHEMA as tableSchema,TABLE_SCHEMA as tableCatalog,COLUMN_NAME as columnName,REFERENCED_TABLE_SCHEMA as referencedTableSchema,REFERENCED_TABLE_SCHEMA as referencedTableCatalog,REFERENCED_TABLE_NAME as referencedTableName,REFERENCED_COLUMN_NAME as referencedColumnName FROM INFORMATION_SCHEMA.KEY_COLUMN_USAGE where TABLE_NAME = 'Admin' AND CONSTRAINT_NAME!='PRIMARY' AND CONSTRAINT_SCHEMA='my_school_db' AND REFERENCED_TABLE_NAME IS NOT NULL;

sql: 2022-03-15 12:53:39 INFO  Executing (default): ALTER TABLE `Admin` CHANGE `loginId` `loginId` VARCHAR(255) NOT NULL;

sql: 2022-03-15 12:53:39 INFO  Executing (default): ALTER TABLE `Admin` CHANGE `loginPwd` `loginPwd` VARCHAR(255) NOT NULL;

sql: 2022-03-15 12:53:40 INFO  Executing (default): ALTER TABLE `Admin` CHANGE `name` `name` VARCHAR(255) NOT NULL;

sql: 2022-03-15 12:53:40 INFO  Executing (default): ALTER TABLE `Admin` CHANGE `deletedAt` `deletedAt` DATETIME;

sql: 2022-03-15 12:53:40 INFO  Executing (default): SHOW INDEX FROM `Admin`

sql: 2022-03-15 12:53:40 INFO  Executing (default): CREATE TABLE IF NOT EXISTS `Book` (`id` INTEGER NOT NULL auto_increment , `name` VARCHAR(255) NOT NULL, `imgUrl` VARCHAR(255), `publishDate` VARCHAR(255) NOT NULL, `author` VARCHAR(255) NOT NULL, `createdAt` DATETIME NOT NULL, `updatedAt` DATETIME NOT NULL, `deletedAt` DATETIME, PRIMARY KEY (`id`)) ENGINE=InnoDB;

sql: 2022-03-15 12:53:40 INFO  Executing (default): SHOW FULL COLUMNS FROM `Book`;

sql: 2022-03-15 12:53:40 INFO  Executing (default): SELECT CONSTRAINT_NAME as constraint_name,CONSTRAINT_NAME as constraintName,CONSTRAINT_SCHEMA as constraintSchema,CONSTRAINT_SCHEMA as constraintCatalog,TABLE_NAME as tableName,TABLE_SCHEMA as tableSchema,TABLE_SCHEMA as tableCatalog,COLUMN_NAME as columnName,REFERENCED_TABLE_SCHEMA as referencedTableSchema,REFERENCED_TABLE_SCHEMA as referencedTableCatalog,REFERENCED_TABLE_NAME as referencedTableName,REFERENCED_COLUMN_NAME as referencedColumnName FROM INFORMATION_SCHEMA.KEY_COLUMN_USAGE where TABLE_NAME = 'Book' AND CONSTRAINT_NAME!='PRIMARY' AND CONSTRAINT_SCHEMA='my_school_db' AND REFERENCED_TABLE_NAME IS NOT NULL;

sql: 2022-03-15 12:53:40 INFO  Executing (default): ALTER TABLE `Book` CHANGE `name` `name` VARCHAR(255) NOT NULL;

sql: 2022-03-15 12:53:40 INFO  Executing (default): ALTER TABLE `Book` CHANGE `imgUrl` `imgUrl` VARCHAR(255);

sql: 2022-03-15 12:53:41 INFO  Executing (default): ALTER TABLE `Book` CHANGE `publishDate` `publishDate` VARCHAR(255) NOT NULL;

sql: 2022-03-15 12:53:41 INFO  Executing (default): ALTER TABLE `Book` CHANGE `author` `author` VARCHAR(255) NOT NULL;

sql: 2022-03-15 12:53:41 INFO  Executing (default): ALTER TABLE `Book` CHANGE `createdAt` `createdAt` DATETIME NOT NULL;

sql: 2022-03-15 12:53:41 INFO  Executing (default): ALTER TABLE `Book` CHANGE `updatedAt` `updatedAt` DATETIME NOT NULL;

sql: 2022-03-15 12:53:42 INFO  Executing (default): ALTER TABLE `Book` CHANGE `deletedAt` `deletedAt` DATETIME;

sql: 2022-03-15 12:53:42 INFO  Executing (default): SHOW INDEX FROM `Book`

sql: 2022-03-15 12:57:45 INFO  Executing (default): SELECT `id`, `loginId`, `loginPwd`, `name`, `deletedAt` FROM `Admin` AS `Admin` WHERE (`Admin`.`deletedAt` IS NULL AND (`Admin`.`loginId` = 'xyq' AND `Admin`.`loginPwd` = '202cb962ac59075b964b07152d234b70')) LIMIT 1;

sql: 2022-03-15 12:58:31 INFO  Executing (default): SELECT `id`, `loginId`, `loginPwd`, `name`, `deletedAt` FROM `Admin` AS `Admin` WHERE (`Admin`.`deletedAt` IS NULL AND (`Admin`.`loginId` = 'xyq' AND `Admin`.`loginPwd` = '202cb962ac59075b964b07152d234b70')) LIMIT 1;

sql: 2022-03-15 12:58:31 INFO  Executing (default): SELECT `id`, `loginId`, `loginPwd`, `name`, `deletedAt` FROM `Admin` AS `Admin` WHERE (`Admin`.`deletedAt` IS NULL AND `Admin`.`id` = 9);

sql: 2022-03-15 12:59:11 INFO  Executing (default): SELECT `id`, `loginId`, `loginPwd`, `name`, `deletedAt` FROM `Admin` AS `Admin` WHERE (`Admin`.`deletedAt` IS NULL AND (`Admin`.`loginId` = 'xyq' AND `Admin`.`loginPwd` = '202cb962ac59075b964b07152d234b70')) LIMIT 1;

sql: 2022-03-15 12:59:11 INFO  Executing (default): SELECT `id`, `loginId`, `loginPwd`, `name`, `deletedAt` FROM `Admin` AS `Admin` WHERE (`Admin`.`deletedAt` IS NULL AND `Admin`.`id` = 9);

sql: 2022-03-15 13:06:11 INFO  Executing (default): SELECT `id`, `loginId`, `loginPwd`, `name`, `deletedAt` FROM `Admin` AS `Admin` WHERE (`Admin`.`deletedAt` IS NULL AND (`Admin`.`loginId` = 'xyq' AND `Admin`.`loginPwd` = '202cb962ac59075b964b07152d234b70')) LIMIT 1;

sql: 2022-03-15 13:06:11 INFO  Executing (default): SELECT `id`, `loginId`, `loginPwd`, `name`, `deletedAt` FROM `Admin` AS `Admin` WHERE (`Admin`.`deletedAt` IS NULL AND `Admin`.`id` = 9);

sql: 2022-03-15 13:07:11 INFO  Executing (default): SELECT `id`, `loginId`, `loginPwd`, `name`, `deletedAt` FROM `Admin` AS `Admin` WHERE (`Admin`.`deletedAt` IS NULL AND (`Admin`.`loginId` = 'xyq' AND `Admin`.`loginPwd` = '202cb962ac59075b964b07152d234b70')) LIMIT 1;

sql: 2022-03-15 13:07:11 INFO  Executing (default): SELECT `id`, `loginId`, `loginPwd`, `name`, `deletedAt` FROM `Admin` AS `Admin` WHERE (`Admin`.`deletedAt` IS NULL AND `Admin`.`id` = 9);

sql: 2022-03-15 13:07:18 INFO  Executing (default): SELECT `id`, `loginId`, `loginPwd`, `name`, `deletedAt` FROM `Admin` AS `Admin` WHERE (`Admin`.`deletedAt` IS NULL AND (`Admin`.`loginId` = 'xyq' AND `Admin`.`loginPwd` = '202cb962ac59075b964b07152d234b70')) LIMIT 1;

sql: 2022-03-15 13:07:18 INFO  Executing (default): SELECT `id`, `loginId`, `loginPwd`, `name`, `deletedAt` FROM `Admin` AS `Admin` WHERE (`Admin`.`deletedAt` IS NULL AND `Admin`.`id` = 9);

sql: 2022-03-15 13:07:52 INFO  Executing (default): SELECT `id`, `loginId`, `loginPwd`, `name`, `deletedAt` FROM `Admin` AS `Admin` WHERE (`Admin`.`deletedAt` IS NULL AND (`Admin`.`loginId` = 'xyq' AND `Admin`.`loginPwd` = '202cb962ac59075b964b07152d234b70')) LIMIT 1;

sql: 2022-03-15 13:07:52 INFO  Executing (default): SELECT `id`, `loginId`, `loginPwd`, `name`, `deletedAt` FROM `Admin` AS `Admin` WHERE (`Admin`.`deletedAt` IS NULL AND `Admin`.`id` = 9);

sql: 2022-03-15 13:07:56 INFO  Executing (default): SELECT `id`, `loginId`, `loginPwd`, `name`, `deletedAt` FROM `Admin` AS `Admin` WHERE (`Admin`.`deletedAt` IS NULL AND (`Admin`.`loginId` = 'xyq' AND `Admin`.`loginPwd` = '202cb962ac59075b964b07152d234b70')) LIMIT 1;

sql: 2022-03-15 13:07:56 INFO  Executing (default): SELECT `id`, `loginId`, `loginPwd`, `name`, `deletedAt` FROM `Admin` AS `Admin` WHERE (`Admin`.`deletedAt` IS NULL AND `Admin`.`id` = 9);

sql: 2022-03-15 13:09:13 INFO  Executing (default): SELECT `id`, `loginId`, `loginPwd`, `name`, `deletedAt` FROM `Admin` AS `Admin` WHERE (`Admin`.`deletedAt` IS NULL AND (`Admin`.`loginId` = 'xyq' AND `Admin`.`loginPwd` = '202cb962ac59075b964b07152d234b70')) LIMIT 1;

sql: 2022-03-15 13:09:13 INFO  Executing (default): SELECT `id`, `loginId`, `loginPwd`, `name`, `deletedAt` FROM `Admin` AS `Admin` WHERE (`Admin`.`deletedAt` IS NULL AND `Admin`.`id` = 9);

sql: 2022-03-15 13:09:20 INFO  Executing (default): SELECT `id`, `loginId`, `loginPwd`, `name`, `deletedAt` FROM `Admin` AS `Admin` WHERE (`Admin`.`deletedAt` IS NULL AND (`Admin`.`loginId` = 'xyq' AND `Admin`.`loginPwd` = '202cb962ac59075b964b07152d234b70')) LIMIT 1;

sql: 2022-03-15 13:09:20 INFO  Executing (default): SELECT `id`, `loginId`, `loginPwd`, `name`, `deletedAt` FROM `Admin` AS `Admin` WHERE (`Admin`.`deletedAt` IS NULL AND `Admin`.`id` = 9);

sql: 2022-03-15 13:09:48 INFO  Executing (default): SELECT `id`, `loginId`, `loginPwd`, `name`, `deletedAt` FROM `Admin` AS `Admin` WHERE (`Admin`.`deletedAt` IS NULL AND (`Admin`.`loginId` = 'xyq' AND `Admin`.`loginPwd` = '202cb962ac59075b964b07152d234b70')) LIMIT 1;

sql: 2022-03-15 13:09:48 INFO  Executing (default): SELECT `id`, `loginId`, `loginPwd`, `name`, `deletedAt` FROM `Admin` AS `Admin` WHERE (`Admin`.`deletedAt` IS NULL AND `Admin`.`id` = 9);

sql: 2022-03-15 13:10:01 INFO  Executing (default): SELECT `id`, `loginId`, `loginPwd`, `name`, `deletedAt` FROM `Admin` AS `Admin` WHERE (`Admin`.`deletedAt` IS NULL AND (`Admin`.`loginId` = 'xyq' AND `Admin`.`loginPwd` = '202cb962ac59075b964b07152d234b70')) LIMIT 1;

sql: 2022-03-15 13:10:01 INFO  Executing (default): SELECT `id`, `loginId`, `loginPwd`, `name`, `deletedAt` FROM `Admin` AS `Admin` WHERE (`Admin`.`deletedAt` IS NULL AND `Admin`.`id` = 9);

sql: 2022-03-15 13:11:23 INFO  Executing (default): SELECT `id`, `loginId`, `loginPwd`, `name`, `deletedAt` FROM `Admin` AS `Admin` WHERE (`Admin`.`deletedAt` IS NULL AND (`Admin`.`loginId` = 'xyq' AND `Admin`.`loginPwd` = '202cb962ac59075b964b07152d234b70')) LIMIT 1;

sql: 2022-03-15 13:11:23 INFO  Executing (default): SELECT `id`, `loginId`, `loginPwd`, `name`, `deletedAt` FROM `Admin` AS `Admin` WHERE (`Admin`.`deletedAt` IS NULL AND `Admin`.`id` = 9);

sql: 2022-03-15 13:11:24 INFO  Executing (default): SELECT `id`, `loginId`, `loginPwd`, `name`, `deletedAt` FROM `Admin` AS `Admin` WHERE (`Admin`.`deletedAt` IS NULL AND (`Admin`.`loginId` = 'xyq' AND `Admin`.`loginPwd` = '202cb962ac59075b964b07152d234b70')) LIMIT 1;

sql: 2022-03-15 13:11:24 INFO  Executing (default): SELECT `id`, `loginId`, `loginPwd`, `name`, `deletedAt` FROM `Admin` AS `Admin` WHERE (`Admin`.`deletedAt` IS NULL AND `Admin`.`id` = 9);

sql: 2022-03-15 13:45:30 INFO  Executing (default): SELECT `id`, `loginId`, `loginPwd`, `name`, `deletedAt` FROM `Admin` AS `Admin` WHERE (`Admin`.`deletedAt` IS NULL AND (`Admin`.`loginId` = 'xyq' AND `Admin`.`loginPwd` = '202cb962ac59075b964b07152d234b70')) LIMIT 1;

sql: 2022-03-15 13:53:54 INFO  Executing (default): SELECT `id`, `loginId`, `loginPwd`, `name`, `deletedAt` FROM `Admin` AS `Admin` WHERE (`Admin`.`deletedAt` IS NULL AND (`Admin`.`loginId` = 'xyq' AND `Admin`.`loginPwd` = '202cb962ac59075b964b07152d234b70')) LIMIT 1;

sql: 2022-03-15 13:58:22 INFO  Executing (default): SELECT `id`, `loginId`, `loginPwd`, `name`, `deletedAt` FROM `Admin` AS `Admin` WHERE (`Admin`.`deletedAt` IS NULL AND (`Admin`.`loginId` = 'xyq' AND `Admin`.`loginPwd` = '202cb962ac59075b964b07152d234b70')) LIMIT 1;

sql: 2022-03-15 13:58:46 INFO  Executing (default): SELECT `id`, `loginId`, `loginPwd`, `name`, `deletedAt` FROM `Admin` AS `Admin` WHERE (`Admin`.`deletedAt` IS NULL AND (`Admin`.`loginId` = 'xyq' AND `Admin`.`loginPwd` = '202cb962ac59075b964b07152d234b70')) LIMIT 1;

sql: 2022-03-15 14:00:00 INFO  Executing (default): SELECT `id`, `loginId`, `loginPwd`, `name`, `deletedAt` FROM `Admin` AS `Admin` WHERE (`Admin`.`deletedAt` IS NULL AND (`Admin`.`loginId` = 'xyq' AND `Admin`.`loginPwd` = '202cb962ac59075b964b07152d234b70')) LIMIT 1;

sql: 2022-03-15 14:03:12 INFO  Executing (default): SELECT `id`, `loginId`, `loginPwd`, `name`, `deletedAt` FROM `Admin` AS `Admin` WHERE (`Admin`.`deletedAt` IS NULL AND `Admin`.`id` = 9);

sql: 2022-03-15 14:09:05 INFO  Executing (default): SELECT `id`, `loginId`, `loginPwd`, `name`, `deletedAt` FROM `Admin` AS `Admin` WHERE (`Admin`.`deletedAt` IS NULL AND (`Admin`.`loginId` = 'xyq' AND `Admin`.`loginPwd` = '202cb962ac59075b964b07152d234b70')) LIMIT 1;

sql: 2022-03-15 14:09:29 INFO  Executing (default): SELECT `id`, `loginId`, `loginPwd`, `name`, `deletedAt` FROM `Admin` AS `Admin` WHERE (`Admin`.`deletedAt` IS NULL AND `Admin`.`id` = 9);

sql: 2022-03-15 14:09:35 INFO  Executing (default): SELECT `id`, `loginId`, `loginPwd`, `name`, `deletedAt` FROM `Admin` AS `Admin` WHERE (`Admin`.`deletedAt` IS NULL AND (`Admin`.`loginId` = 'xyq' AND `Admin`.`loginPwd` = '202cb962ac59075b964b07152d234b70')) LIMIT 1;

sql: 2022-03-15 14:10:22 INFO  Executing (default): SELECT `id`, `loginId`, `loginPwd`, `name`, `deletedAt` FROM `Admin` AS `Admin` WHERE (`Admin`.`deletedAt` IS NULL AND `Admin`.`id` = 9);

