0 info it worked if it ends with ok
1 verbose cli [ 'D:\\MySoft\\nvm\\node\\node.exe',
1 verbose cli   'D:\\MySoft\\nvm\\node\\node_modules\\npm\\bin\\npm-cli.js',
1 verbose cli   'run',
1 verbose cli   'dev' ]
2 info using npm@3.10.10
3 info using node@v6.17.1
4 verbose run-script [ 'predev', 'dev', 'postdev' ]
5 info lifecycle @~predev: @
6 silly lifecycle @~predev: no script for predev, continuing
7 info lifecycle @~dev: @
8 verbose lifecycle @~dev: unsafe-perm in lifecycle true
9 verbose lifecycle @~dev: PATH: D:\MySoft\nvm\nvm\v6.17.1\node_modules\npm\bin\node-gyp-bin;E:\github自学代码\study\TypeScript\基础\node_modules\.bin;C:\Windows\system32;C:\Windows;C:\Windows\System32\Wbem;C:\Windows\System32\WindowsPowerShell\v1.0\;C:\Windows\System32\OpenSSH\;D:\MySoft\Git\cmd;D:\MySoft\微信web开发者工具\dll;D:\MySoft\nvm\nvm;D:\MySoft\nvm\node;D:\MySoft\小乌龟\bin;E:\Java\JDK\bin;E:\Java\JDK\jre\bin;E:\soft\apache\apache-maven-3.8.6\bin;C:\Program Files\Pandoc\;E:\Python\Scripts\;E:\Python\;C:\Users\谢永强\AppData\Local\Microsoft\WindowsApps;D:\MySoft\Microsoft VS Code\bin;D:\MySoft\nvm\nvm;D:\MySoft\nvm\node;E:\soft\IntelliJ IDEA 2023.2\bin;;E:\soft\WebStorm 2023.2\bin;;E:\soft\PyCharm 2023.2.1\bin;
10 verbose lifecycle @~dev: CWD: E:\github自学代码\study\TypeScript\基础
11 silly lifecycle @~dev: Args: [ '/d /s /c',
11 silly lifecycle   'nodemon --watch src -e ts --exec ts-node src/baseType/index.ts' ]
12 silly lifecycle @~dev: Returned: code: 1  signal: null
13 info lifecycle @~dev: Failed to exec dev script
14 verbose stack Error: @ dev: `nodemon --watch src -e ts --exec ts-node src/baseType/index.ts`
14 verbose stack Exit status 1
14 verbose stack     at EventEmitter.<anonymous> (D:\MySoft\nvm\nvm\v6.17.1\node_modules\npm\lib\utils\lifecycle.js:255:16)
14 verbose stack     at emitTwo (events.js:106:13)
14 verbose stack     at EventEmitter.emit (events.js:191:7)
14 verbose stack     at ChildProcess.<anonymous> (D:\MySoft\nvm\nvm\v6.17.1\node_modules\npm\lib\utils\spawn.js:40:14)
14 verbose stack     at emitTwo (events.js:106:13)
14 verbose stack     at ChildProcess.emit (events.js:191:7)
14 verbose stack     at maybeClose (internal/child_process.js:920:16)
14 verbose stack     at Process.ChildProcess._handle.onexit (internal/child_process.js:230:5)
15 verbose pkgid @
16 verbose cwd E:\github自学代码\study\TypeScript\基础
17 error Windows_NT 10.0.19045
18 error argv "D:\\MySoft\\nvm\\node\\node.exe" "D:\\MySoft\\nvm\\node\\node_modules\\npm\\bin\\npm-cli.js" "run" "dev"
19 error node v6.17.1
20 error npm  v3.10.10
21 error code ELIFECYCLE
22 error @ dev: `nodemon --watch src -e ts --exec ts-node src/baseType/index.ts`
22 error Exit status 1
23 error Failed at the @ dev script 'nodemon --watch src -e ts --exec ts-node src/baseType/index.ts'.
23 error Make sure you have the latest version of node.js and npm installed.
23 error If you do, this is most likely a problem with the  package,
23 error not with npm itself.
23 error Tell the author that this fails on your system:
23 error     nodemon --watch src -e ts --exec ts-node src/baseType/index.ts
23 error You can get information on how to open an issue for this project with:
23 error     npm bugs
23 error Or if that isn't available, you can get their info via:
23 error     npm owner ls
23 error There is likely additional logging output above.
24 verbose exit [ 1, true ]
